16:37:32 **** Incremental Build of configuration Debug for project Dev ****
make -j12 all 
arm-none-eabi-gcc "../Core/Src/main.c" -mcpu=cortex-m4 -std=gnu11 -g3 -DDEBUG -DUSE_HAL_DRIVER -DSTM32F439xx -c -I../Core/Inc -I../Drivers/STM32F4xx_HAL_Driver/Inc -I../Drivers/STM32F4xx_HAL_Driver/Inc/Legacy -I../Drivers/CMSIS/Device/ST/STM32F4xx/Include -I../Drivers/CMSIS/Include -O0 -ffunction-sections -fdata-sections -Wall -fstack-usage -fcyclomatic-complexity -MMD -MP -MF"Core/Src/main.d" -MT"Core/Src/main.o" --specs=nano.specs -mfpu=fpv4-sp-d16 -mfloat-abi=hard -mthumb -o "Core/Src/main.o"
arm-none-eabi-gcc -o "Dev.elf" @"objects.list"   -mcpu=cortex-m4 -T"F:\Workspace\Licenta\Dev\STM32F439ZITX_FLASH.ld" --specs=nosys.specs -Wl,-Map="Dev.map" -Wl,--gc-sections -static --specs=nano.specs -mfpu=fpv4-sp-d16 -mfloat-abi=hard -mthumb -Wl,--start-group -lc -lm -Wl,--end-group
Finished building target: Dev.elf
 
arm-none-eabi-size  Dev.elf 
arm-none-eabi-objdump -h -S Dev.elf  > "Dev.list"
   text	   data	    bss	    dec	    hex	filename
   9388	     12	   1660	  11060	   2b34	Dev.elf
Finished building: default.size.stdout
 
Finished building: Dev.list
 
16:37:37 **** Incremental Build of configuration Debug for project Dev ****
make -j12 all 
arm-none-eabi-size  Dev.elf 
   text	   data	    bss	    dec	    hex	filename
   9388	     12	   1660	  11060	   2b34	Dev.elf
Finished building: default.size.stdout
 
17:30:35 **** Incremental Build of configuration Debug for project Dev ****
make -j12 all 
arm-none-eabi-gcc "../Core/Src/main.c" -mcpu=cortex-m4 -std=gnu11 -g3 -DDEBUG -DUSE_HAL_DRIVER -DSTM32F439xx -c -I../Core/Inc -I../Drivers/STM32F4xx_HAL_Driver/Inc -I../Drivers/STM32F4xx_HAL_Driver/Inc/Legacy -I../Drivers/CMSIS/Device/ST/STM32F4xx/Include -I../Drivers/CMSIS/Include -O0 -ffunction-sections -fdata-sections -Wall -fstack-usage -fcyclomatic-complexity -MMD -MP -MF"Core/Src/main.d" -MT"Core/Src/main.o" --specs=nano.specs -mfpu=fpv4-sp-d16 -mfloat-abi=hard -mthumb -o "Core/Src/main.o"
arm-none-eabi-gcc "../Core/Src/stm32f4xx_hal_msp.c" -mcpu=cortex-m4 -std=gnu11 -g3 -DDEBUG -DUSE_HAL_DRIVER -DSTM32F439xx -c -I../Core/Inc -I../Drivers/STM32F4xx_HAL_Driver/Inc -I../Drivers/STM32F4xx_HAL_Driver/Inc/Legacy -I../Drivers/CMSIS/Device/ST/STM32F4xx/Include -I../Drivers/CMSIS/Include -O0 -ffunction-sections -fdata-sections -Wall -fstack-usage -fcyclomatic-complexity -MMD -MP -MF"Core/Src/stm32f4xx_hal_msp.d" -MT"Core/Src/stm32f4xx_hal_msp.o" --specs=nano.specs -mfpu=fpv4-sp-d16 -mfloat-abi=hard -mthumb -o "Core/Src/stm32f4xx_hal_msp.o"
arm-none-eabi-gcc -o "Dev.elf" @"objects.list"   -mcpu=cortex-m4 -T"F:\Workspace\Licenta\Dev\STM32F439ZITX_FLASH.ld" --specs=nosys.specs -Wl,-Map="Dev.map" -Wl,--gc-sections -static --specs=nano.specs -mfpu=fpv4-sp-d16 -mfloat-abi=hard -mthumb -Wl,--start-group -lc -lm -Wl,--end-group
Finished building target: Dev.elf
 
arm-none-eabi-size  Dev.elf 
arm-none-eabi-objdump -h -S Dev.elf  > "Dev.list"
   text	   data	    bss	    dec	    hex	filename
   9388	     12	   1660	  11060	   2b34	Dev.elf
Finished building: default.size.stdout
 
Finished building: Dev.list
 
17:31:03 **** Incremental Build of configuration Debug for project Dev ****
make -j12 all 
arm-none-eabi-gcc "../Core/Src/main.c" -mcpu=cortex-m4 -std=gnu11 -g3 -DDEBUG -DUSE_HAL_DRIVER -DSTM32F439xx -c -I../Core/Inc -I../Drivers/STM32F4xx_HAL_Driver/Inc -I../Drivers/STM32F4xx_HAL_Driver/Inc/Legacy -I../Drivers/CMSIS/Device/ST/STM32F4xx/Include -I../Drivers/CMSIS/Include -O0 -ffunction-sections -fdata-sections -Wall -fstack-usage -fcyclomatic-complexity -MMD -MP -MF"Core/Src/main.d" -MT"Core/Src/main.o" --specs=nano.specs -mfpu=fpv4-sp-d16 -mfloat-abi=hard -mthumb -o "Core/Src/main.o"
arm-none-eabi-gcc -o "Dev.elf" @"objects.list"   -mcpu=cortex-m4 -T"F:\Workspace\Licenta\Dev\STM32F439ZITX_FLASH.ld" --specs=nosys.specs -Wl,-Map="Dev.map" -Wl,--gc-sections -static --specs=nano.specs -mfpu=fpv4-sp-d16 -mfloat-abi=hard -mthumb -Wl,--start-group -lc -lm -Wl,--end-group
Finished building target: Dev.elf
 
arm-none-eabi-size  Dev.elf 
arm-none-eabi-objdump -h -S Dev.elf  > "Dev.list"
   text	   data	    bss	    dec	    hex	filename
   9384	     12	   1660	  11056	   2b30	Dev.elf
Finished building: default.size.stdout
 
Finished building: Dev.list
 
17:34:25 **** Incremental Build of configuration Debug for project Dev ****
make -j12 all 
arm-none-eabi-gcc "../Core/Src/main.c" -mcpu=cortex-m4 -std=gnu11 -g3 -DDEBUG -DUSE_HAL_DRIVER -DSTM32F439xx -c -I../Core/Inc -I../Drivers/STM32F4xx_HAL_Driver/Inc -I../Drivers/STM32F4xx_HAL_Driver/Inc/Legacy -I../Drivers/CMSIS/Device/ST/STM32F4xx/Include -I../Drivers/CMSIS/Include -O0 -ffunction-sections -fdata-sections -Wall -fstack-usage -fcyclomatic-complexity -MMD -MP -MF"Core/Src/main.d" -MT"Core/Src/main.o" --specs=nano.specs -mfpu=fpv4-sp-d16 -mfloat-abi=hard -mthumb -o "Core/Src/main.o"
arm-none-eabi-gcc -o "Dev.elf" @"objects.list"   -mcpu=cortex-m4 -T"F:\Workspace\Licenta\Dev\STM32F439ZITX_FLASH.ld" --specs=nosys.specs -Wl,-Map="Dev.map" -Wl,--gc-sections -static --specs=nano.specs -mfpu=fpv4-sp-d16 -mfloat-abi=hard -mthumb -Wl,--start-group -lc -lm -Wl,--end-group
Finished building target: Dev.elf
 
arm-none-eabi-size  Dev.elf 
arm-none-eabi-objdump -h -S Dev.elf  > "Dev.list"
   text	   data	    bss	    dec	    hex	filename
  10016	     16	   1664	  11696	   2db0	Dev.elf
Finished building: default.size.stdout
 
Finished building: Dev.list
 
17:35:34 **** Incremental Build of configuration Debug for project Dev ****
make -j12 all 
arm-none-eabi-gcc "../Core/Src/main.c" -mcpu=cortex-m4 -std=gnu11 -g3 -DDEBUG -DUSE_HAL_DRIVER -DSTM32F439xx -c -I../Core/Inc -I../Drivers/STM32F4xx_HAL_Driver/Inc -I../Drivers/STM32F4xx_HAL_Driver/Inc/Legacy -I../Drivers/CMSIS/Device/ST/STM32F4xx/Include -I../Drivers/CMSIS/Include -O0 -ffunction-sections -fdata-sections -Wall -fstack-usage -fcyclomatic-complexity -MMD -MP -MF"Core/Src/main.d" -MT"Core/Src/main.o" --specs=nano.specs -mfpu=fpv4-sp-d16 -mfloat-abi=hard -mthumb -o "Core/Src/main.o"
arm-none-eabi-gcc -o "Dev.elf" @"objects.list"   -mcpu=cortex-m4 -T"F:\Workspace\Licenta\Dev\STM32F439ZITX_FLASH.ld" --specs=nosys.specs -Wl,-Map="Dev.map" -Wl,--gc-sections -static --specs=nano.specs -mfpu=fpv4-sp-d16 -mfloat-abi=hard -mthumb -Wl,--start-group -lc -lm -Wl,--end-group
Finished building target: Dev.elf
 
arm-none-eabi-size  Dev.elf 
arm-none-eabi-objdump -h -S Dev.elf  > "Dev.list"
   text	   data	    bss	    dec	    hex	filename
   7204	     12	   1660	   8876	   22ac	Dev.elf
Finished building: default.size.stdout
 
Finished building: Dev.list
 
17:36:36 **** Incremental Build of configuration Debug for project Dev ****
make -j12 all 
arm-none-eabi-gcc "../Core/Src/main.c" -mcpu=cortex-m4 -std=gnu11 -g3 -DDEBUG -DUSE_HAL_DRIVER -DSTM32F439xx -c -I../Core/Inc -I../Drivers/STM32F4xx_HAL_Driver/Inc -I../Drivers/STM32F4xx_HAL_Driver/Inc/Legacy -I../Drivers/CMSIS/Device/ST/STM32F4xx/Include -I../Drivers/CMSIS/Include -O0 -ffunction-sections -fdata-sections -Wall -fstack-usage -fcyclomatic-complexity -MMD -MP -MF"Core/Src/main.d" -MT"Core/Src/main.o" --specs=nano.specs -mfpu=fpv4-sp-d16 -mfloat-abi=hard -mthumb -o "Core/Src/main.o"
../Core/Src/main.c: In function 'main':
../Core/Src/main.c:106:11: warning: implicit declaration of function 'HAL_SPI_Trasmit_IT'; did you mean 'HAL_SPI_Transmit_IT'? [-Wimplicit-function-declaration]
  106 |           HAL_SPI_Trasmit_IT(&hspi1, SPI_TX_Data, 1);
      |           ^~~~~~~~~~~~~~~~~~
      |           HAL_SPI_Transmit_IT
arm-none-eabi-gcc -o "Dev.elf" @"objects.list"   -mcpu=cortex-m4 -T"F:\Workspace\Licenta\Dev\STM32F439ZITX_FLASH.ld" --specs=nosys.specs -Wl,-Map="Dev.map" -Wl,--gc-sections -static --specs=nano.specs -mfpu=fpv4-sp-d16 -mfloat-abi=hard -mthumb -Wl,--start-group -lc -lm -Wl,--end-group
C:/ST/STM32CubeIDE_1.16.0/STM32CubeIDE/plugins/com.st.stm32cube.ide.mcu.externaltools.gnu-tools-for-stm32.12.3.rel1.win32_1.0.200.202406191623/tools/bin/../lib/gcc/arm-none-eabi/12.3.1/../../../../arm-none-eabi/bin/ld.exe: ./Core/Src/main.o: in function `main':
F:/Workspace/Licenta/Dev/Debug/../Core/Src/main.c:106: undefined reference to `HAL_SPI_Trasmit_IT'
collect2.exe: error: ld returned 1 exit status
make: *** [makefile:64: Dev.elf] Error 1
"make -j12 all" terminated with exit code 2. Build might be incomplete.
17:36:52 **** Incremental Build of configuration Debug for project Dev ****
make -j12 all 
arm-none-eabi-gcc "../Core/Src/main.c" -mcpu=cortex-m4 -std=gnu11 -g3 -DDEBUG -DUSE_HAL_DRIVER -DSTM32F439xx -c -I../Core/Inc -I../Drivers/STM32F4xx_HAL_Driver/Inc -I../Drivers/STM32F4xx_HAL_Driver/Inc/Legacy -I../Drivers/CMSIS/Device/ST/STM32F4xx/Include -I../Drivers/CMSIS/Include -O0 -ffunction-sections -fdata-sections -Wall -fstack-usage -fcyclomatic-complexity -MMD -MP -MF"Core/Src/main.d" -MT"Core/Src/main.o" --specs=nano.specs -mfpu=fpv4-sp-d16 -mfloat-abi=hard -mthumb -o "Core/Src/main.o"
arm-none-eabi-gcc -o "Dev.elf" @"objects.list"   -mcpu=cortex-m4 -T"F:\Workspace\Licenta\Dev\STM32F439ZITX_FLASH.ld" --specs=nosys.specs -Wl,-Map="Dev.map" -Wl,--gc-sections -static --specs=nano.specs -mfpu=fpv4-sp-d16 -mfloat-abi=hard -mthumb -Wl,--start-group -lc -lm -Wl,--end-group
Finished building target: Dev.elf
 
arm-none-eabi-size  Dev.elf 
arm-none-eabi-objdump -h -S Dev.elf  > "Dev.list"
   text	   data	    bss	    dec	    hex	filename
   8280	     16	   1656	   9952	   26e0	Dev.elf
Finished building: default.size.stdout
 
Finished building: Dev.list
 
17:45:20 **** Incremental Build of configuration Debug for project Dev ****
make -j12 all 
arm-none-eabi-gcc "../Core/Src/main.c" -mcpu=cortex-m4 -std=gnu11 -g3 -DDEBUG -DUSE_HAL_DRIVER -DSTM32F439xx -c -I../Core/Inc -I../Drivers/STM32F4xx_HAL_Driver/Inc -I../Drivers/STM32F4xx_HAL_Driver/Inc/Legacy -I../Drivers/CMSIS/Device/ST/STM32F4xx/Include -I../Drivers/CMSIS/Include -O0 -ffunction-sections -fdata-sections -Wall -fstack-usage -fcyclomatic-complexity -MMD -MP -MF"Core/Src/main.d" -MT"Core/Src/main.o" --specs=nano.specs -mfpu=fpv4-sp-d16 -mfloat-abi=hard -mthumb -o "Core/Src/main.o"
../Core/Src/main.c: In function 'main':
../Core/Src/main.c:106:11: error: 'retval' undeclared (first use in this function); did you mean 'retVal'?
  106 |           retval = HAL_SPI_Transmit_IT(&hspi1, SPI_TX_Data, 1);
      |           ^~~~~~
      |           retVal
../Core/Src/main.c:106:11: note: each undeclared identifier is reported only once for each function it appears in
../Core/Src/main.c:108:11: warning: implicit declaration of function 'assert' [-Wimplicit-function-declaration]
  108 |           assert(retval==HAL_OK, "Communication do not happen");
      |           ^~~~~~
../Core/Src/main.c:21:1: note: 'assert' is defined in header '<assert.h>'; did you forget to '#include <assert.h>'?
   20 | #include "main.h"
  +++ |+#include <assert.h>
   21 | 
../Core/Src/main.c:73:27: warning: unused variable 'retVal' [-Wunused-variable]
   73 |         HAL_StatusTypeDef retVal = HAL_OK;
      |                           ^~~~~~
make: *** [Core/Src/subdir.mk:34: Core/Src/main.o] Error 1
"make -j12 all" terminated with exit code 2. Build might be incomplete.
17:45:37 **** Incremental Build of configuration Debug for project Dev ****
make -j12 all 
arm-none-eabi-gcc "../Core/Src/main.c" -mcpu=cortex-m4 -std=gnu11 -g3 -DDEBUG -DUSE_HAL_DRIVER -DSTM32F439xx -c -I../Core/Inc -I../Drivers/STM32F4xx_HAL_Driver/Inc -I../Drivers/STM32F4xx_HAL_Driver/Inc/Legacy -I../Drivers/CMSIS/Device/ST/STM32F4xx/Include -I../Drivers/CMSIS/Include -O0 -ffunction-sections -fdata-sections -Wall -fstack-usage -fcyclomatic-complexity -MMD -MP -MF"Core/Src/main.d" -MT"Core/Src/main.o" --specs=nano.specs -mfpu=fpv4-sp-d16 -mfloat-abi=hard -mthumb -o "Core/Src/main.o"
../Core/Src/main.c: In function 'main':
../Core/Src/main.c:108:11: warning: implicit declaration of function 'assert' [-Wimplicit-function-declaration]
  108 |           assert(retVal==HAL_OK, "Communication do not happen");
      |           ^~~~~~
../Core/Src/main.c:21:1: note: 'assert' is defined in header '<assert.h>'; did you forget to '#include <assert.h>'?
   20 | #include "main.h"
  +++ |+#include <assert.h>
   21 | 
arm-none-eabi-gcc -o "Dev.elf" @"objects.list"   -mcpu=cortex-m4 -T"F:\Workspace\Licenta\Dev\STM32F439ZITX_FLASH.ld" --specs=nosys.specs -Wl,-Map="Dev.map" -Wl,--gc-sections -static --specs=nano.specs -mfpu=fpv4-sp-d16 -mfloat-abi=hard -mthumb -Wl,--start-group -lc -lm -Wl,--end-group
C:/ST/STM32CubeIDE_1.16.0/STM32CubeIDE/plugins/com.st.stm32cube.ide.mcu.externaltools.gnu-tools-for-stm32.12.3.rel1.win32_1.0.200.202406191623/tools/bin/../lib/gcc/arm-none-eabi/12.3.1/../../../../arm-none-eabi/bin/ld.exe: ./Core/Src/main.o: in function `main':
F:/Workspace/Licenta/Dev/Debug/../Core/Src/main.c:108: undefined reference to `assert'
collect2.exe: error: ld returned 1 exit status
make: *** [makefile:64: Dev.elf] Error 1
"make -j12 all" terminated with exit code 2. Build might be incomplete.
17:45:59 **** Incremental Build of configuration Debug for project Dev ****
make -j12 all 
arm-none-eabi-gcc "../Core/Src/main.c" -mcpu=cortex-m4 -std=gnu11 -g3 -DDEBUG -DUSE_HAL_DRIVER -DSTM32F439xx -c -I../Core/Inc -I../Drivers/STM32F4xx_HAL_Driver/Inc -I../Drivers/STM32F4xx_HAL_Driver/Inc/Legacy -I../Drivers/CMSIS/Device/ST/STM32F4xx/Include -I../Drivers/CMSIS/Include -O0 -ffunction-sections -fdata-sections -Wall -fstack-usage -fcyclomatic-complexity -MMD -MP -MF"Core/Src/main.d" -MT"Core/Src/main.o" --specs=nano.specs -mfpu=fpv4-sp-d16 -mfloat-abi=hard -mthumb -o "Core/Src/main.o"
../Core/Src/main.c: In function 'main':
../Core/Src/main.c:109:63: error: macro "assert" passed 2 arguments, but takes just 1
  109 |           assert(retVal==HAL_OK, "Communication do not happen");
      |                                                               ^
In file included from ../Core/Src/main.c:21:
C:\ST\STM32CubeIDE_1.16.0\STM32CubeIDE\plugins\com.st.stm32cube.ide.mcu.externaltools.gnu-tools-for-stm32.12.3.rel1.win32_1.0.200.202406191623\tools\bin/../lib/gcc/arm-none-eabi/12.3.1/../../../../arm-none-eabi/include/assert.h:16: note: macro "assert" defined here
   16 | # define assert(__e) ((__e) ? (void)0 : __assert_func (__FILE__, __LINE__, \
      | 
../Core/Src/main.c:109:11: error: 'assert' undeclared (first use in this function)
  109 |           assert(retVal==HAL_OK, "Communication do not happen");
      |           ^~~~~~
../Core/Src/main.c:22:1: note: 'assert' is defined in header '<assert.h>'; did you forget to '#include <assert.h>'?
   21 | #include <assert.h>
  +++ |+#include <assert.h>
   22 | 
../Core/Src/main.c:109:11: note: each undeclared identifier is reported only once for each function it appears in
  109 |           assert(retVal==HAL_OK, "Communication do not happen");
      |           ^~~~~~
../Core/Src/main.c:74:27: warning: variable 'retVal' set but not used [-Wunused-but-set-variable]
   74 |         HAL_StatusTypeDef retVal = HAL_OK;
      |                           ^~~~~~
make: *** [Core/Src/subdir.mk:34: Core/Src/main.o] Error 1
"make -j12 all" terminated with exit code 2. Build might be incomplete.
17:46:57 **** Incremental Build of configuration Debug for project Dev ****
make -j12 all 
arm-none-eabi-gcc "../Core/Src/main.c" -mcpu=cortex-m4 -std=gnu11 -g3 -DDEBUG -DUSE_HAL_DRIVER -DSTM32F439xx -c -I../Core/Inc -I../Drivers/STM32F4xx_HAL_Driver/Inc -I../Drivers/STM32F4xx_HAL_Driver/Inc/Legacy -I../Drivers/CMSIS/Device/ST/STM32F4xx/Include -I../Drivers/CMSIS/Include -O0 -ffunction-sections -fdata-sections -Wall -fstack-usage -fcyclomatic-complexity -MMD -MP -MF"Core/Src/main.d" -MT"Core/Src/main.o" --specs=nano.specs -mfpu=fpv4-sp-d16 -mfloat-abi=hard -mthumb -o "Core/Src/main.o"
arm-none-eabi-gcc -o "Dev.elf" @"objects.list"   -mcpu=cortex-m4 -T"F:\Workspace\Licenta\Dev\STM32F439ZITX_FLASH.ld" --specs=nosys.specs -Wl,-Map="Dev.map" -Wl,--gc-sections -static --specs=nano.specs -mfpu=fpv4-sp-d16 -mfloat-abi=hard -mthumb -Wl,--start-group -lc -lm -Wl,--end-group
Finished building target: Dev.elf
 
arm-none-eabi-size  Dev.elf 
arm-none-eabi-objdump -h -S Dev.elf  > "Dev.list"
   text	   data	    bss	    dec	    hex	filename
  12908	    108	   1996	  15012	   3aa4	Dev.elf
Finished building: default.size.stdout
 
Finished building: Dev.list
 
17:47:51 **** Incremental Build of configuration Debug for project Dev ****
make -j12 all 
arm-none-eabi-gcc "../Core/Src/main.c" -mcpu=cortex-m4 -std=gnu11 -g3 -DDEBUG -DUSE_HAL_DRIVER -DSTM32F439xx -c -I../Core/Inc -I../Drivers/STM32F4xx_HAL_Driver/Inc -I../Drivers/STM32F4xx_HAL_Driver/Inc/Legacy -I../Drivers/CMSIS/Device/ST/STM32F4xx/Include -I../Drivers/CMSIS/Include -O0 -ffunction-sections -fdata-sections -Wall -fstack-usage -fcyclomatic-complexity -MMD -MP -MF"Core/Src/main.d" -MT"Core/Src/main.o" --specs=nano.specs -mfpu=fpv4-sp-d16 -mfloat-abi=hard -mthumb -o "Core/Src/main.o"
../Core/Src/main.c: In function 'main':
../Core/Src/main.c:109:11: warning: implicit declaration of function 'printf' [-Wimplicit-function-declaration]
  109 |           printf("%d", retVal);
      |           ^~~~~~
../Core/Src/main.c:22:1: note: include '<stdio.h>' or provide a declaration of 'printf'
   21 | #include <assert.h>
  +++ |+#include <stdio.h>
   22 | 
../Core/Src/main.c:109:11: warning: incompatible implicit declaration of built-in function 'printf' [-Wbuiltin-declaration-mismatch]
  109 |           printf("%d", retVal);
      |           ^~~~~~
../Core/Src/main.c:109:11: note: include '<stdio.h>' or provide a declaration of 'printf'
arm-none-eabi-gcc -o "Dev.elf" @"objects.list"   -mcpu=cortex-m4 -T"F:\Workspace\Licenta\Dev\STM32F439ZITX_FLASH.ld" --specs=nosys.specs -Wl,-Map="Dev.map" -Wl,--gc-sections -static --specs=nano.specs -mfpu=fpv4-sp-d16 -mfloat-abi=hard -mthumb -Wl,--start-group -lc -lm -Wl,--end-group
Finished building target: Dev.elf
 
arm-none-eabi-size  Dev.elf 
arm-none-eabi-objdump -h -S Dev.elf  > "Dev.list"
   text	   data	    bss	    dec	    hex	filename
  12964	    108	   1996	  15068	   3adc	Dev.elf
Finished building: default.size.stdout
 
Finished building: Dev.list
 
17:49:53 **** Incremental Build of configuration Debug for project Dev ****
make -j12 all 
arm-none-eabi-gcc "../Core/Src/main.c" -mcpu=cortex-m4 -std=gnu11 -g3 -DDEBUG -DUSE_HAL_DRIVER -DSTM32F439xx -c -I../Core/Inc -I../Drivers/STM32F4xx_HAL_Driver/Inc -I../Drivers/STM32F4xx_HAL_Driver/Inc/Legacy -I../Drivers/CMSIS/Device/ST/STM32F4xx/Include -I../Drivers/CMSIS/Include -O0 -ffunction-sections -fdata-sections -Wall -fstack-usage -fcyclomatic-complexity -MMD -MP -MF"Core/Src/main.d" -MT"Core/Src/main.o" --specs=nano.specs -mfpu=fpv4-sp-d16 -mfloat-abi=hard -mthumb -o "Core/Src/main.o"
arm-none-eabi-gcc -o "Dev.elf" @"objects.list"   -mcpu=cortex-m4 -T"F:\Workspace\Licenta\Dev\STM32F439ZITX_FLASH.ld" --specs=nosys.specs -Wl,-Map="Dev.map" -Wl,--gc-sections -static --specs=nano.specs -mfpu=fpv4-sp-d16 -mfloat-abi=hard -mthumb -Wl,--start-group -lc -lm -Wl,--end-group
Finished building target: Dev.elf
 
arm-none-eabi-size  Dev.elf 
arm-none-eabi-objdump -h -S Dev.elf  > "Dev.list"
   text	   data	    bss	    dec	    hex	filename
  12964	    108	   1996	  15068	   3adc	Dev.elf
Finished building: default.size.stdout
 
Finished building: Dev.list
 
17:50:36 **** Incremental Build of configuration Debug for project Dev ****
make -j12 all 
arm-none-eabi-gcc "../Core/Src/main.c" -mcpu=cortex-m4 -std=gnu11 -g3 -DDEBUG -DUSE_HAL_DRIVER -DSTM32F439xx -c -I../Core/Inc -I../Drivers/STM32F4xx_HAL_Driver/Inc -I../Drivers/STM32F4xx_HAL_Driver/Inc/Legacy -I../Drivers/CMSIS/Device/ST/STM32F4xx/Include -I../Drivers/CMSIS/Include -O0 -ffunction-sections -fdata-sections -Wall -fstack-usage -fcyclomatic-complexity -MMD -MP -MF"Core/Src/main.d" -MT"Core/Src/main.o" --specs=nano.specs -mfpu=fpv4-sp-d16 -mfloat-abi=hard -mthumb -o "Core/Src/main.o"
arm-none-eabi-gcc -o "Dev.elf" @"objects.list"   -mcpu=cortex-m4 -T"F:\Workspace\Licenta\Dev\STM32F439ZITX_FLASH.ld" --specs=nosys.specs -Wl,-Map="Dev.map" -Wl,--gc-sections -static --specs=nano.specs -mfpu=fpv4-sp-d16 -mfloat-abi=hard -mthumb -Wl,--start-group -lc -lm -Wl,--end-group
Finished building target: Dev.elf
 
arm-none-eabi-size  Dev.elf 
arm-none-eabi-objdump -h -S Dev.elf  > "Dev.list"
   text	   data	    bss	    dec	    hex	filename
  12908	    108	   1996	  15012	   3aa4	Dev.elf
Finished building: default.size.stdout
 
Finished building: Dev.list
 
17:58:35 **** Incremental Build of configuration Debug for project Dev ****
make -j12 all 
arm-none-eabi-gcc "../Core/Src/main.c" -mcpu=cortex-m4 -std=gnu11 -g3 -DDEBUG -DUSE_HAL_DRIVER -DSTM32F439xx -c -I../Core/Inc -I../Drivers/STM32F4xx_HAL_Driver/Inc -I../Drivers/STM32F4xx_HAL_Driver/Inc/Legacy -I../Drivers/CMSIS/Device/ST/STM32F4xx/Include -I../Drivers/CMSIS/Include -O0 -ffunction-sections -fdata-sections -Wall -fstack-usage -fcyclomatic-complexity -MMD -MP -MF"Core/Src/main.d" -MT"Core/Src/main.o" --specs=nano.specs -mfpu=fpv4-sp-d16 -mfloat-abi=hard -mthumb -o "Core/Src/main.o"
arm-none-eabi-gcc "../Core/Src/stm32f4xx_hal_msp.c" -mcpu=cortex-m4 -std=gnu11 -g3 -DDEBUG -DUSE_HAL_DRIVER -DSTM32F439xx -c -I../Core/Inc -I../Drivers/STM32F4xx_HAL_Driver/Inc -I../Drivers/STM32F4xx_HAL_Driver/Inc/Legacy -I../Drivers/CMSIS/Device/ST/STM32F4xx/Include -I../Drivers/CMSIS/Include -O0 -ffunction-sections -fdata-sections -Wall -fstack-usage -fcyclomatic-complexity -MMD -MP -MF"Core/Src/stm32f4xx_hal_msp.d" -MT"Core/Src/stm32f4xx_hal_msp.o" --specs=nano.specs -mfpu=fpv4-sp-d16 -mfloat-abi=hard -mthumb -o "Core/Src/stm32f4xx_hal_msp.o"
arm-none-eabi-gcc "../Core/Src/stm32f4xx_it.c" -mcpu=cortex-m4 -std=gnu11 -g3 -DDEBUG -DUSE_HAL_DRIVER -DSTM32F439xx -c -I../Core/Inc -I../Drivers/STM32F4xx_HAL_Driver/Inc -I../Drivers/STM32F4xx_HAL_Driver/Inc/Legacy -I../Drivers/CMSIS/Device/ST/STM32F4xx/Include -I../Drivers/CMSIS/Include -O0 -ffunction-sections -fdata-sections -Wall -fstack-usage -fcyclomatic-complexity -MMD -MP -MF"Core/Src/stm32f4xx_it.d" -MT"Core/Src/stm32f4xx_it.o" --specs=nano.specs -mfpu=fpv4-sp-d16 -mfloat-abi=hard -mthumb -o "Core/Src/stm32f4xx_it.o"
../Core/Src/main.c: In function 'main':
../Core/Src/main.c:106:36: error: 'SPI_TX_DATA' undeclared (first use in this function); did you mean 'SPI_TX_Data'?
  106 |           HAL_SPI_Transmit(&hspi1, SPI_TX_DATA, 1, 1000);
      |                                    ^~~~~~~~~~~
      |                                    SPI_TX_Data
../Core/Src/main.c:106:36: note: each undeclared identifier is reported only once for each function it appears in
../Core/Src/main.c:73:27: warning: unused variable 'retVal' [-Wunused-variable]
   73 |         HAL_StatusTypeDef retVal = HAL_OK;
      |                           ^~~~~~
make: *** [Core/Src/subdir.mk:34: Core/Src/main.o] Error 1
make: *** Waiting for unfinished jobs....
"make -j12 all" terminated with exit code 2. Build might be incomplete.
17:58:51 **** Incremental Build of configuration Debug for project Dev ****
make -j12 all 
arm-none-eabi-gcc "../Core/Src/main.c" -mcpu=cortex-m4 -std=gnu11 -g3 -DDEBUG -DUSE_HAL_DRIVER -DSTM32F439xx -c -I../Core/Inc -I../Drivers/STM32F4xx_HAL_Driver/Inc -I../Drivers/STM32F4xx_HAL_Driver/Inc/Legacy -I../Drivers/CMSIS/Device/ST/STM32F4xx/Include -I../Drivers/CMSIS/Include -O0 -ffunction-sections -fdata-sections -Wall -fstack-usage -fcyclomatic-complexity -MMD -MP -MF"Core/Src/main.d" -MT"Core/Src/main.o" --specs=nano.specs -mfpu=fpv4-sp-d16 -mfloat-abi=hard -mthumb -o "Core/Src/main.o"
../Core/Src/main.c: In function 'main':
../Core/Src/main.c:106:36: error: 'SPI_TX_DATA' undeclared (first use in this function); did you mean 'SPI_TX_Data'?
  106 |           HAL_SPI_Transmit(&hspi1, SPI_TX_DATA, 1, 1000);
      |                                    ^~~~~~~~~~~
      |                                    SPI_TX_Data
../Core/Src/main.c:106:36: note: each undeclared identifier is reported only once for each function it appears in
../Core/Src/main.c:73:27: warning: unused variable 'retVal' [-Wunused-variable]
   73 |         HAL_StatusTypeDef retVal = HAL_OK;
      |                           ^~~~~~
make: *** [Core/Src/subdir.mk:34: Core/Src/main.o] Error 1
"make -j12 all" terminated with exit code 2. Build might be incomplete.
17:59:05 **** Incremental Build of configuration Debug for project Dev ****
make -j12 all 
arm-none-eabi-gcc "../Core/Src/main.c" -mcpu=cortex-m4 -std=gnu11 -g3 -DDEBUG -DUSE_HAL_DRIVER -DSTM32F439xx -c -I../Core/Inc -I../Drivers/STM32F4xx_HAL_Driver/Inc -I../Drivers/STM32F4xx_HAL_Driver/Inc/Legacy -I../Drivers/CMSIS/Device/ST/STM32F4xx/Include -I../Drivers/CMSIS/Include -O0 -ffunction-sections -fdata-sections -Wall -fstack-usage -fcyclomatic-complexity -MMD -MP -MF"Core/Src/main.d" -MT"Core/Src/main.o" --specs=nano.specs -mfpu=fpv4-sp-d16 -mfloat-abi=hard -mthumb -o "Core/Src/main.o"
../Core/Src/main.c: In function 'main':
../Core/Src/main.c:73:27: warning: unused variable 'retVal' [-Wunused-variable]
   73 |         HAL_StatusTypeDef retVal = HAL_OK;
      |                           ^~~~~~
arm-none-eabi-gcc -o "Dev.elf" @"objects.list"   -mcpu=cortex-m4 -T"F:\Workspace\Licenta\Dev\STM32F439ZITX_FLASH.ld" --specs=nosys.specs -Wl,-Map="Dev.map" -Wl,--gc-sections -static --specs=nano.specs -mfpu=fpv4-sp-d16 -mfloat-abi=hard -mthumb -Wl,--start-group -lc -lm -Wl,--end-group
Finished building target: Dev.elf
 
arm-none-eabi-size  Dev.elf 
arm-none-eabi-objdump -h -S Dev.elf  > "Dev.list"
   text	   data	    bss	    dec	    hex	filename
   7580	     16	   1656	   9252	   2424	Dev.elf
Finished building: default.size.stdout
 
Finished building: Dev.list
 
18:39:13 **** Incremental Build of configuration Debug for project Dev ****
make -j12 all 
arm-none-eabi-gcc "../Core/Src/main.c" -mcpu=cortex-m4 -std=gnu11 -g3 -DDEBUG -DUSE_HAL_DRIVER -DSTM32F439xx -c -I../Core/Inc -I../Drivers/STM32F4xx_HAL_Driver/Inc -I../Drivers/STM32F4xx_HAL_Driver/Inc/Legacy -I../Drivers/CMSIS/Device/ST/STM32F4xx/Include -I../Drivers/CMSIS/Include -O0 -ffunction-sections -fdata-sections -Wall -fstack-usage -fcyclomatic-complexity -MMD -MP -MF"Core/Src/main.d" -MT"Core/Src/main.o" --specs=nano.specs -mfpu=fpv4-sp-d16 -mfloat-abi=hard -mthumb -o "Core/Src/main.o"
../Core/Src/main.c:47:25: error: invalid initializer
   47 | uint8_t SPI_TX_Data[] = 0x0B;
      |                         ^~~~
../Core/Src/main.c: In function 'main':
../Core/Src/main.c:73:27: warning: unused variable 'retVal' [-Wunused-variable]
   73 |         HAL_StatusTypeDef retVal = HAL_OK;
      |                           ^~~~~~
make: *** [Core/Src/subdir.mk:34: Core/Src/main.o] Error 1
"make -j12 all" terminated with exit code 2. Build might be incomplete.
18:39:24 **** Incremental Build of configuration Debug for project Dev ****
make -j12 all 
arm-none-eabi-gcc "../Core/Src/main.c" -mcpu=cortex-m4 -std=gnu11 -g3 -DDEBUG -DUSE_HAL_DRIVER -DSTM32F439xx -c -I../Core/Inc -I../Drivers/STM32F4xx_HAL_Driver/Inc -I../Drivers/STM32F4xx_HAL_Driver/Inc/Legacy -I../Drivers/CMSIS/Device/ST/STM32F4xx/Include -I../Drivers/CMSIS/Include -O0 -ffunction-sections -fdata-sections -Wall -fstack-usage -fcyclomatic-complexity -MMD -MP -MF"Core/Src/main.d" -MT"Core/Src/main.o" --specs=nano.specs -mfpu=fpv4-sp-d16 -mfloat-abi=hard -mthumb -o "Core/Src/main.o"
../Core/Src/main.c: In function 'main':
../Core/Src/main.c:73:27: warning: unused variable 'retVal' [-Wunused-variable]
   73 |         HAL_StatusTypeDef retVal = HAL_OK;
      |                           ^~~~~~
arm-none-eabi-gcc -o "Dev.elf" @"objects.list"   -mcpu=cortex-m4 -T"F:\Workspace\Licenta\Dev\STM32F439ZITX_FLASH.ld" --specs=nosys.specs -Wl,-Map="Dev.map" -Wl,--gc-sections -static --specs=nano.specs -mfpu=fpv4-sp-d16 -mfloat-abi=hard -mthumb -Wl,--start-group -lc -lm -Wl,--end-group
Finished building target: Dev.elf
 
arm-none-eabi-size  Dev.elf 
arm-none-eabi-objdump -h -S Dev.elf  > "Dev.list"
   text	   data	    bss	    dec	    hex	filename
   7580	     16	   1656	   9252	   2424	Dev.elf
Finished building: default.size.stdout
 
Finished building: Dev.list
 
18:47:16 **** Incremental Build of configuration Debug for project Dev ****
make -j12 all 
arm-none-eabi-gcc "../Core/Src/main.c" -mcpu=cortex-m4 -std=gnu11 -g3 -DDEBUG -DUSE_HAL_DRIVER -DSTM32F439xx -c -I../Core/Inc -I../Drivers/STM32F4xx_HAL_Driver/Inc -I../Drivers/STM32F4xx_HAL_Driver/Inc/Legacy -I../Drivers/CMSIS/Device/ST/STM32F4xx/Include -I../Drivers/CMSIS/Include -O0 -ffunction-sections -fdata-sections -Wall -fstack-usage -fcyclomatic-complexity -MMD -MP -MF"Core/Src/main.d" -MT"Core/Src/main.o" --specs=nano.specs -mfpu=fpv4-sp-d16 -mfloat-abi=hard -mthumb -o "Core/Src/main.o"
arm-none-eabi-gcc "../Core/Src/stm32f4xx_hal_msp.c" -mcpu=cortex-m4 -std=gnu11 -g3 -DDEBUG -DUSE_HAL_DRIVER -DSTM32F439xx -c -I../Core/Inc -I../Drivers/STM32F4xx_HAL_Driver/Inc -I../Drivers/STM32F4xx_HAL_Driver/Inc/Legacy -I../Drivers/CMSIS/Device/ST/STM32F4xx/Include -I../Drivers/CMSIS/Include -O0 -ffunction-sections -fdata-sections -Wall -fstack-usage -fcyclomatic-complexity -MMD -MP -MF"Core/Src/stm32f4xx_hal_msp.d" -MT"Core/Src/stm32f4xx_hal_msp.o" --specs=nano.specs -mfpu=fpv4-sp-d16 -mfloat-abi=hard -mthumb -o "Core/Src/stm32f4xx_hal_msp.o"
arm-none-eabi-gcc "../Core/Src/stm32f4xx_it.c" -mcpu=cortex-m4 -std=gnu11 -g3 -DDEBUG -DUSE_HAL_DRIVER -DSTM32F439xx -c -I../Core/Inc -I../Drivers/STM32F4xx_HAL_Driver/Inc -I../Drivers/STM32F4xx_HAL_Driver/Inc/Legacy -I../Drivers/CMSIS/Device/ST/STM32F4xx/Include -I../Drivers/CMSIS/Include -O0 -ffunction-sections -fdata-sections -Wall -fstack-usage -fcyclomatic-complexity -MMD -MP -MF"Core/Src/stm32f4xx_it.d" -MT"Core/Src/stm32f4xx_it.o" --specs=nano.specs -mfpu=fpv4-sp-d16 -mfloat-abi=hard -mthumb -o "Core/Src/stm32f4xx_it.o"
../Core/Src/main.c:47:25: error: invalid initializer
   47 | uint8_t SPI_TX_Data[] = 'A';
      |                         ^~~
../Core/Src/main.c: In function 'main':
../Core/Src/main.c:73:27: warning: unused variable 'retVal' [-Wunused-variable]
   73 |         HAL_StatusTypeDef retVal = HAL_OK;
      |                           ^~~~~~
make: *** [Core/Src/subdir.mk:34: Core/Src/main.o] Error 1
make: *** Waiting for unfinished jobs....
"make -j12 all" terminated with exit code 2. Build might be incomplete.
18:47:45 **** Incremental Build of configuration Debug for project Dev ****
make -j12 all 
arm-none-eabi-gcc "../Core/Src/main.c" -mcpu=cortex-m4 -std=gnu11 -g3 -DDEBUG -DUSE_HAL_DRIVER -DSTM32F439xx -c -I../Core/Inc -I../Drivers/STM32F4xx_HAL_Driver/Inc -I../Drivers/STM32F4xx_HAL_Driver/Inc/Legacy -I../Drivers/CMSIS/Device/ST/STM32F4xx/Include -I../Drivers/CMSIS/Include -O0 -ffunction-sections -fdata-sections -Wall -fstack-usage -fcyclomatic-complexity -MMD -MP -MF"Core/Src/main.d" -MT"Core/Src/main.o" --specs=nano.specs -mfpu=fpv4-sp-d16 -mfloat-abi=hard -mthumb -o "Core/Src/main.o"
../Core/Src/main.c: In function 'main':
../Core/Src/main.c:73:27: warning: unused variable 'retVal' [-Wunused-variable]
   73 |         HAL_StatusTypeDef retVal = HAL_OK;
      |                           ^~~~~~
arm-none-eabi-gcc -o "Dev.elf" @"objects.list"   -mcpu=cortex-m4 -T"F:\Workspace\Licenta\Dev\STM32F439ZITX_FLASH.ld" --specs=nosys.specs -Wl,-Map="Dev.map" -Wl,--gc-sections -static --specs=nano.specs -mfpu=fpv4-sp-d16 -mfloat-abi=hard -mthumb -Wl,--start-group -lc -lm -Wl,--end-group
Finished building target: Dev.elf
 
arm-none-eabi-size  Dev.elf 
arm-none-eabi-objdump -h -S Dev.elf  > "Dev.list"
   text	   data	    bss	    dec	    hex	filename
   8620	     16	   1664	  10300	   283c	Dev.elf
Finished building: default.size.stdout
 
Finished building: Dev.list
 
18:52:01 **** Incremental Build of configuration Debug for project Dev ****
make -j12 all 
arm-none-eabi-gcc "../Core/Src/main.c" -mcpu=cortex-m4 -std=gnu11 -g3 -DDEBUG -DUSE_HAL_DRIVER -DSTM32F439xx -c -I../Core/Inc -I../Drivers/STM32F4xx_HAL_Driver/Inc -I../Drivers/STM32F4xx_HAL_Driver/Inc/Legacy -I../Drivers/CMSIS/Device/ST/STM32F4xx/Include -I../Drivers/CMSIS/Include -O0 -ffunction-sections -fdata-sections -Wall -fstack-usage -fcyclomatic-complexity -MMD -MP -MF"Core/Src/main.d" -MT"Core/Src/main.o" --specs=nano.specs -mfpu=fpv4-sp-d16 -mfloat-abi=hard -mthumb -o "Core/Src/main.o"
../Core/Src/main.c: In function 'main':
../Core/Src/main.c:73:27: warning: unused variable 'retVal' [-Wunused-variable]
   73 |         HAL_StatusTypeDef retVal = HAL_OK;
      |                           ^~~~~~
arm-none-eabi-gcc -o "Dev.elf" @"objects.list"   -mcpu=cortex-m4 -T"F:\Workspace\Licenta\Dev\STM32F439ZITX_FLASH.ld" --specs=nosys.specs -Wl,-Map="Dev.map" -Wl,--gc-sections -static --specs=nano.specs -mfpu=fpv4-sp-d16 -mfloat-abi=hard -mthumb -Wl,--start-group -lc -lm -Wl,--end-group
Finished building target: Dev.elf
 
arm-none-eabi-size  Dev.elf 
arm-none-eabi-objdump -h -S Dev.elf  > "Dev.list"
   text	   data	    bss	    dec	    hex	filename
   8620	     16	   1664	  10300	   283c	Dev.elf
Finished building: default.size.stdout
 
Finished building: Dev.list
 
18:57:21 **** Incremental Build of configuration Debug for project Dev ****
make -j12 all 
arm-none-eabi-gcc "../Core/Src/main.c" -mcpu=cortex-m4 -std=gnu11 -g3 -DDEBUG -DUSE_HAL_DRIVER -DSTM32F439xx -c -I../Core/Inc -I../Drivers/STM32F4xx_HAL_Driver/Inc -I../Drivers/STM32F4xx_HAL_Driver/Inc/Legacy -I../Drivers/CMSIS/Device/ST/STM32F4xx/Include -I../Drivers/CMSIS/Include -O0 -ffunction-sections -fdata-sections -Wall -fstack-usage -fcyclomatic-complexity -MMD -MP -MF"Core/Src/main.d" -MT"Core/Src/main.o" --specs=nano.specs -mfpu=fpv4-sp-d16 -mfloat-abi=hard -mthumb -o "Core/Src/main.o"
../Core/Src/main.c: In function 'main':
../Core/Src/main.c:73:27: warning: variable 'retVal' set but not used [-Wunused-but-set-variable]
   73 |         HAL_StatusTypeDef retVal = HAL_OK;
      |                           ^~~~~~
arm-none-eabi-gcc -o "Dev.elf" @"objects.list"   -mcpu=cortex-m4 -T"F:\Workspace\Licenta\Dev\STM32F439ZITX_FLASH.ld" --specs=nosys.specs -Wl,-Map="Dev.map" -Wl,--gc-sections -static --specs=nano.specs -mfpu=fpv4-sp-d16 -mfloat-abi=hard -mthumb -Wl,--start-group -lc -lm -Wl,--end-group
Finished building target: Dev.elf
 
arm-none-eabi-size  Dev.elf 
arm-none-eabi-objdump -h -S Dev.elf  > "Dev.list"
   text	   data	    bss	    dec	    hex	filename
   8624	     16	   1664	  10304	   2840	Dev.elf
Finished building: default.size.stdout
 
Finished building: Dev.list
 
19:00:52 **** Incremental Build of configuration Debug for project Dev ****
make -j12 all 
arm-none-eabi-size  Dev.elf 
   text	   data	    bss	    dec	    hex	filename
   8624	     16	   1664	  10304	   2840	Dev.elf
Finished building: default.size.stdout
 
19:01:39 **** Incremental Build of configuration Debug for project Dev ****
make -j12 all 
arm-none-eabi-gcc "../Core/Src/main.c" -mcpu=cortex-m4 -std=gnu11 -g3 -DDEBUG -DUSE_HAL_DRIVER -DSTM32F439xx -c -I../Core/Inc -I../Drivers/STM32F4xx_HAL_Driver/Inc -I../Drivers/STM32F4xx_HAL_Driver/Inc/Legacy -I../Drivers/CMSIS/Device/ST/STM32F4xx/Include -I../Drivers/CMSIS/Include -O0 -ffunction-sections -fdata-sections -Wall -fstack-usage -fcyclomatic-complexity -MMD -MP -MF"Core/Src/main.d" -MT"Core/Src/main.o" --specs=nano.specs -mfpu=fpv4-sp-d16 -mfloat-abi=hard -mthumb -o "Core/Src/main.o"
../Core/Src/main.c: In function 'main':
../Core/Src/main.c:73:27: warning: variable 'retVal' set but not used [-Wunused-but-set-variable]
   73 |         HAL_StatusTypeDef retVal = HAL_OK;
      |                           ^~~~~~
arm-none-eabi-gcc -o "Dev.elf" @"objects.list"   -mcpu=cortex-m4 -T"F:\Workspace\Licenta\Dev\STM32F439ZITX_FLASH.ld" --specs=nosys.specs -Wl,-Map="Dev.map" -Wl,--gc-sections -static --specs=nano.specs -mfpu=fpv4-sp-d16 -mfloat-abi=hard -mthumb -Wl,--start-group -lc -lm -Wl,--end-group
Finished building target: Dev.elf
 
arm-none-eabi-size  Dev.elf 
arm-none-eabi-objdump -h -S Dev.elf  > "Dev.list"
   text	   data	    bss	    dec	    hex	filename
   8624	     16	   1664	  10304	   2840	Dev.elf
Finished building: default.size.stdout
 
Finished building: Dev.list
 
19:09:50 **** Incremental Build of configuration Debug for project Dev ****
make -j12 all 
arm-none-eabi-gcc "../Core/Src/main.c" -mcpu=cortex-m4 -std=gnu11 -g3 -DDEBUG -DUSE_HAL_DRIVER -DSTM32F439xx -c -I../Core/Inc -I../Drivers/STM32F4xx_HAL_Driver/Inc -I../Drivers/STM32F4xx_HAL_Driver/Inc/Legacy -I../Drivers/CMSIS/Device/ST/STM32F4xx/Include -I../Drivers/CMSIS/Include -O0 -ffunction-sections -fdata-sections -Wall -fstack-usage -fcyclomatic-complexity -MMD -MP -MF"Core/Src/main.d" -MT"Core/Src/main.o" --specs=nano.specs -mfpu=fpv4-sp-d16 -mfloat-abi=hard -mthumb -o "Core/Src/main.o"
../Core/Src/main.c: In function 'main':
../Core/Src/main.c:73:27: warning: variable 'retVal' set but not used [-Wunused-but-set-variable]
   73 |         HAL_StatusTypeDef retVal = HAL_OK;
      |                           ^~~~~~
arm-none-eabi-gcc -o "Dev.elf" @"objects.list"   -mcpu=cortex-m4 -T"F:\Workspace\Licenta\Dev\STM32F439ZITX_FLASH.ld" --specs=nosys.specs -Wl,-Map="Dev.map" -Wl,--gc-sections -static --specs=nano.specs -mfpu=fpv4-sp-d16 -mfloat-abi=hard -mthumb -Wl,--start-group -lc -lm -Wl,--end-group
Finished building target: Dev.elf
 
arm-none-eabi-size  Dev.elf 
arm-none-eabi-objdump -h -S Dev.elf  > "Dev.list"
   text	   data	    bss	    dec	    hex	filename
   8624	     16	   1664	  10304	   2840	Dev.elf
Finished building: default.size.stdout
 
Finished building: Dev.list
 
19:59:02 **** Incremental Build of configuration Debug for project Dev ****
make -j12 all 
arm-none-eabi-gcc "../Core/Src/main.c" -mcpu=cortex-m4 -std=gnu11 -g3 -DDEBUG -DUSE_HAL_DRIVER -DSTM32F439xx -c -I../Core/Inc -I../Drivers/STM32F4xx_HAL_Driver/Inc -I../Drivers/STM32F4xx_HAL_Driver/Inc/Legacy -I../Drivers/CMSIS/Device/ST/STM32F4xx/Include -I../Drivers/CMSIS/Include -O0 -ffunction-sections -fdata-sections -Wall -fstack-usage -fcyclomatic-complexity -MMD -MP -MF"Core/Src/main.d" -MT"Core/Src/main.o" --specs=nano.specs -mfpu=fpv4-sp-d16 -mfloat-abi=hard -mthumb -o "Core/Src/main.o"
../Core/Src/main.c: In function 'main':
../Core/Src/main.c:73:27: warning: variable 'retVal' set but not used [-Wunused-but-set-variable]
   73 |         HAL_StatusTypeDef retVal = HAL_OK;
      |                           ^~~~~~
arm-none-eabi-gcc -o "Dev.elf" @"objects.list"   -mcpu=cortex-m4 -T"F:\Workspace\Licenta\Dev\STM32F439ZITX_FLASH.ld" --specs=nosys.specs -Wl,-Map="Dev.map" -Wl,--gc-sections -static --specs=nano.specs -mfpu=fpv4-sp-d16 -mfloat-abi=hard -mthumb -Wl,--start-group -lc -lm -Wl,--end-group
Finished building target: Dev.elf
 
arm-none-eabi-size  Dev.elf 
arm-none-eabi-objdump -h -S Dev.elf  > "Dev.list"
   text	   data	    bss	    dec	    hex	filename
   8624	     16	   1664	  10304	   2840	Dev.elf
Finished building: default.size.stdout
 
Finished building: Dev.list
 
19:59:52 **** Incremental Build of configuration Debug for project Dev ****
make -j12 all 
arm-none-eabi-gcc "../Core/Src/main.c" -mcpu=cortex-m4 -std=gnu11 -g3 -DDEBUG -DUSE_HAL_DRIVER -DSTM32F439xx -c -I../Core/Inc -I../Drivers/STM32F4xx_HAL_Driver/Inc -I../Drivers/STM32F4xx_HAL_Driver/Inc/Legacy -I../Drivers/CMSIS/Device/ST/STM32F4xx/Include -I../Drivers/CMSIS/Include -O0 -ffunction-sections -fdata-sections -Wall -fstack-usage -fcyclomatic-complexity -MMD -MP -MF"Core/Src/main.d" -MT"Core/Src/main.o" --specs=nano.specs -mfpu=fpv4-sp-d16 -mfloat-abi=hard -mthumb -o "Core/Src/main.o"
../Core/Src/main.c: In function 'main':
../Core/Src/main.c:73:27: warning: variable 'retVal' set but not used [-Wunused-but-set-variable]
   73 |         HAL_StatusTypeDef retVal = HAL_OK;
      |                           ^~~~~~
arm-none-eabi-gcc -o "Dev.elf" @"objects.list"   -mcpu=cortex-m4 -T"F:\Workspace\Licenta\Dev\STM32F439ZITX_FLASH.ld" --specs=nosys.specs -Wl,-Map="Dev.map" -Wl,--gc-sections -static --specs=nano.specs -mfpu=fpv4-sp-d16 -mfloat-abi=hard -mthumb -Wl,--start-group -lc -lm -Wl,--end-group
Finished building target: Dev.elf
 
arm-none-eabi-size  Dev.elf 
arm-none-eabi-objdump -h -S Dev.elf  > "Dev.list"
   text	   data	    bss	    dec	    hex	filename
   8624	     16	   1664	  10304	   2840	Dev.elf
Finished building: default.size.stdout
 
Finished building: Dev.list
 
20:00:51 **** Incremental Build of configuration Debug for project Dev ****
make -j12 all 
arm-none-eabi-gcc "../Core/Src/main.c" -mcpu=cortex-m4 -std=gnu11 -g3 -DDEBUG -DUSE_HAL_DRIVER -DSTM32F439xx -c -I../Core/Inc -I../Drivers/STM32F4xx_HAL_Driver/Inc -I../Drivers/STM32F4xx_HAL_Driver/Inc/Legacy -I../Drivers/CMSIS/Device/ST/STM32F4xx/Include -I../Drivers/CMSIS/Include -O0 -ffunction-sections -fdata-sections -Wall -fstack-usage -fcyclomatic-complexity -MMD -MP -MF"Core/Src/main.d" -MT"Core/Src/main.o" --specs=nano.specs -mfpu=fpv4-sp-d16 -mfloat-abi=hard -mthumb -o "Core/Src/main.o"
../Core/Src/main.c: In function 'main':
../Core/Src/main.c:73:27: warning: variable 'retVal' set but not used [-Wunused-but-set-variable]
   73 |         HAL_StatusTypeDef retVal = HAL_OK;
      |                           ^~~~~~
arm-none-eabi-gcc -o "Dev.elf" @"objects.list"   -mcpu=cortex-m4 -T"F:\Workspace\Licenta\Dev\STM32F439ZITX_FLASH.ld" --specs=nosys.specs -Wl,-Map="Dev.map" -Wl,--gc-sections -static --specs=nano.specs -mfpu=fpv4-sp-d16 -mfloat-abi=hard -mthumb -Wl,--start-group -lc -lm -Wl,--end-group
Finished building target: Dev.elf
 
arm-none-eabi-size  Dev.elf 
arm-none-eabi-objdump -h -S Dev.elf  > "Dev.list"
   text	   data	    bss	    dec	    hex	filename
   8624	     16	   1664	  10304	   2840	Dev.elf
Finished building: default.size.stdout
 
Finished building: Dev.list
 
19:40:34 **** Clean-only build of configuration Debug for project Dev ****
make -j12 clean 
rm -rf ./Drivers/STM32F4xx_HAL_Driver/Src/stm32f4xx_hal.cyclo ./Drivers/STM32F4xx_HAL_Driver/Src/stm32f4xx_hal.d ./Drivers/STM32F4xx_HAL_Driver/Src/stm32f4xx_hal.o ./Drivers/STM32F4xx_HAL_Driver/Src/stm32f4xx_hal.su ./Drivers/STM32F4xx_HAL_Driver/Src/stm32f4xx_hal_cortex.cyclo ./Drivers/STM32F4xx_HAL_Driver/Src/stm32f4xx_hal_cortex.d ./Drivers/STM32F4xx_HAL_Driver/Src/stm32f4xx_hal_cortex.o ./Drivers/STM32F4xx_HAL_Driver/Src/stm32f4xx_hal_cortex.su ./Drivers/STM32F4xx_HAL_Driver/Src/stm32f4xx_hal_dma.cyclo ./Drivers/STM32F4xx_HAL_Driver/Src/stm32f4xx_hal_dma.d ./Drivers/STM32F4xx_HAL_Driver/Src/stm32f4xx_hal_dma.o ./Drivers/STM32F4xx_HAL_Driver/Src/stm32f4xx_hal_dma.su ./Drivers/STM32F4xx_HAL_Driver/Src/stm32f4xx_hal_dma_ex.cyclo ./Drivers/STM32F4xx_HAL_Driver/Src/stm32f4xx_hal_dma_ex.d ./Drivers/STM32F4xx_HAL_Driver/Src/stm32f4xx_hal_dma_ex.o ./Drivers/STM32F4xx_HAL_Driver/Src/stm32f4xx_hal_dma_ex.su ./Drivers/STM32F4xx_HAL_Driver/Src/stm32f4xx_hal_exti.cyclo ./Drivers/STM32F4xx_HAL_Driver/Src/stm32f4xx_hal_exti.d ./Drivers/STM32F4xx_HAL_Driver/Src/stm32f4xx_hal_exti.o ./Drivers/STM32F4xx_HAL_Driver/Src/stm32f4xx_hal_exti.su ./Drivers/STM32F4xx_HAL_Driver/Src/stm32f4xx_hal_flash.cyclo ./Drivers/STM32F4xx_HAL_Driver/Src/stm32f4xx_hal_flash.d ./Drivers/STM32F4xx_HAL_Driver/Src/stm32f4xx_hal_flash.o ./Drivers/STM32F4xx_HAL_Driver/Src/stm32f4xx_hal_flash.su ./Drivers/STM32F4xx_HAL_Driver/Src/stm32f4xx_hal_flash_ex.cyclo ./Drivers/STM32F4xx_HAL_Driver/Src/stm32f4xx_hal_flash_ex.d ./Drivers/STM32F4xx_HAL_Driver/Src/stm32f4xx_hal_flash_ex.o ./Drivers/STM32F4xx_HAL_Driver/Src/stm32f4xx_hal_flash_ex.su ./Drivers/STM32F4xx_HAL_Driver/Src/stm32f4xx_hal_flash_ramfunc.cyclo ./Drivers/STM32F4xx_HAL_Driver/Src/stm32f4xx_hal_flash_ramfunc.d ./Drivers/STM32F4xx_HAL_Driver/Src/stm32f4xx_hal_flash_ramfunc.o ./Drivers/STM32F4xx_HAL_Driver/Src/stm32f4xx_hal_flash_ramfunc.su ./Drivers/STM32F4xx_HAL_Driver/Src/stm32f4xx_hal_gpio.cyclo ./Drivers/STM32F4xx_HAL_Driver/Src/stm32f4xx_hal_gpio.d ./Drivers/STM32F4xx_HAL_Driver/Src/stm32f4xx_hal_gpio.o ./Drivers/STM32F4xx_HAL_Driver/Src/stm32f4xx_hal_gpio.su ./Drivers/STM32F4xx_HAL_Driver/Src/stm32f4xx_hal_pwr.cyclo ./Drivers/STM32F4xx_HAL_Driver/Src/stm32f4xx_hal_pwr.d ./Drivers/STM32F4xx_HAL_Driver/Src/stm32f4xx_hal_pwr.o ./Drivers/STM32F4xx_HAL_Driver/Src/stm32f4xx_hal_pwr.su ./Drivers/STM32F4xx_HAL_Driver/Src/stm32f4xx_hal_pwr_ex.cyclo ./Drivers/STM32F4xx_HAL_Driver/Src/stm32f4xx_hal_pwr_ex.d ./Drivers/STM32F4xx_HAL_Driver/Src/stm32f4xx_hal_pwr_ex.o ./Drivers/STM32F4xx_HAL_Driver/Src/stm32f4xx_hal_pwr_ex.su ./Drivers/STM32F4xx_HAL_Driver/Src/stm32f4xx_hal_rcc.cyclo ./Drivers/STM32F4xx_HAL_Driver/Src/stm32f4xx_hal_rcc.d ./Drivers/STM32F4xx_HAL_Driver/Src/stm32f4xx_hal_rcc.o ./Drivers/STM32F4xx_HAL_Driver/Src/stm32f4xx_hal_rcc.su ./Drivers/STM32F4xx_HAL_Driver/Src/stm32f4xx_hal_rcc_ex.cyclo ./Drivers/STM32F4xx_HAL_Driver/Src/stm32f4xx_hal_rcc_ex.d ./Drivers/STM32F4xx_HAL_Driver/Src/stm32f4xx_hal_rcc_ex.o ./Drivers/STM32F4xx_HAL_Driver/Src/stm32f4xx_hal_rcc_ex.su ./Drivers/STM32F4xx_HAL_Driver/Src/stm32f4xx_hal_spi.cyclo ./Drivers/STM32F4xx_HAL_Driver/Src/stm32f4xx_hal_spi.d ./Drivers/STM32F4xx_HAL_Driver/Src/stm32f4xx_hal_spi.o ./Drivers/STM32F4xx_HAL_Driver/Src/stm32f4xx_hal_spi.su ./Drivers/STM32F4xx_HAL_Driver/Src/stm32f4xx_hal_tim.cyclo ./Drivers/STM32F4xx_HAL_Driver/Src/stm32f4xx_hal_tim.d ./Drivers/STM32F4xx_HAL_Driver/Src/stm32f4xx_hal_tim.o ./Drivers/STM32F4xx_HAL_Driver/Src/stm32f4xx_hal_tim.su ./Drivers/STM32F4xx_HAL_Driver/Src/stm32f4xx_hal_tim_ex.cyclo ./Drivers/STM32F4xx_HAL_Driver/Src/stm32f4xx_hal_tim_ex.d ./Drivers/STM32F4xx_HAL_Driver/Src/stm32f4xx_hal_tim_ex.o ./Drivers/STM32F4xx_HAL_Driver/Src/stm32f4xx_hal_tim_ex.su
rm -rf ./Core/Startup/startup_stm32f439zitx.d ./Core/Startup/startup_stm32f439zitx.o
rm -rf ./Core/Src/main.cyclo ./Core/Src/main.d ./Core/Src/main.o ./Core/Src/main.su ./Core/Src/stm32f4xx_hal_msp.cyclo ./Core/Src/stm32f4xx_hal_msp.d ./Core/Src/stm32f4xx_hal_msp.o ./Core/Src/stm32f4xx_hal_msp.su ./Core/Src/stm32f4xx_it.cyclo ./Core/Src/stm32f4xx_it.d ./Core/Src/stm32f4xx_it.o ./Core/Src/stm32f4xx_it.su ./Core/Src/syscalls.cyclo ./Core/Src/syscalls.d ./Core/Src/syscalls.o ./Core/Src/syscalls.su ./Core/Src/sysmem.cyclo ./Core/Src/sysmem.d ./Core/Src/sysmem.o ./Core/Src/sysmem.su ./Core/Src/system_stm32f4xx.cyclo ./Core/Src/system_stm32f4xx.d ./Core/Src/system_stm32f4xx.o ./Core/Src/system_stm32f4xx.su
rm -rf Dev.elf Dev.list Dev.map default.size.stdout
 
19:40:34 **** Build of configuration Debug for project Dev ****
make -j12 all 
arm-none-eabi-gcc "../Drivers/STM32F4xx_HAL_Driver/Src/stm32f4xx_hal.c" -mcpu=cortex-m4 -std=gnu11 -g3 -DDEBUG -DUSE_HAL_DRIVER -DSTM32F439xx -c -I../Core/Inc -I../Drivers/STM32F4xx_HAL_Driver/Inc -I../Drivers/STM32F4xx_HAL_Driver/Inc/Legacy -I../Drivers/CMSIS/Device/ST/STM32F4xx/Include -I../Drivers/CMSIS/Include -I"F:/Workspace/Licenta/Dev/App/Lib" -O0 -ffunction-sections -fdata-sections -Wall -fstack-usage -fcyclomatic-complexity -MMD -MP -MF"Drivers/STM32F4xx_HAL_Driver/Src/stm32f4xx_hal.d" -MT"Drivers/STM32F4xx_HAL_Driver/Src/stm32f4xx_hal.o" --specs=nano.specs -mfpu=fpv4-sp-d16 -mfloat-abi=hard -mthumb -o "Drivers/STM32F4xx_HAL_Driver/Src/stm32f4xx_hal.o"
arm-none-eabi-gcc "../Drivers/STM32F4xx_HAL_Driver/Src/stm32f4xx_hal_cortex.c" -mcpu=cortex-m4 -std=gnu11 -g3 -DDEBUG -DUSE_HAL_DRIVER -DSTM32F439xx -c -I../Core/Inc -I../Drivers/STM32F4xx_HAL_Driver/Inc -I../Drivers/STM32F4xx_HAL_Driver/Inc/Legacy -I../Drivers/CMSIS/Device/ST/STM32F4xx/Include -I../Drivers/CMSIS/Include -I"F:/Workspace/Licenta/Dev/App/Lib" -O0 -ffunction-sections -fdata-sections -Wall -fstack-usage -fcyclomatic-complexity -MMD -MP -MF"Drivers/STM32F4xx_HAL_Driver/Src/stm32f4xx_hal_cortex.d" -MT"Drivers/STM32F4xx_HAL_Driver/Src/stm32f4xx_hal_cortex.o" --specs=nano.specs -mfpu=fpv4-sp-d16 -mfloat-abi=hard -mthumb -o "Drivers/STM32F4xx_HAL_Driver/Src/stm32f4xx_hal_cortex.o"
arm-none-eabi-gcc "../Drivers/STM32F4xx_HAL_Driver/Src/stm32f4xx_hal_dma.c" -mcpu=cortex-m4 -std=gnu11 -g3 -DDEBUG -DUSE_HAL_DRIVER -DSTM32F439xx -c -I../Core/Inc -I../Drivers/STM32F4xx_HAL_Driver/Inc -I../Drivers/STM32F4xx_HAL_Driver/Inc/Legacy -I../Drivers/CMSIS/Device/ST/STM32F4xx/Include -I../Drivers/CMSIS/Include -I"F:/Workspace/Licenta/Dev/App/Lib" -O0 -ffunction-sections -fdata-sections -Wall -fstack-usage -fcyclomatic-complexity -MMD -MP -MF"Drivers/STM32F4xx_HAL_Driver/Src/stm32f4xx_hal_dma.d" -MT"Drivers/STM32F4xx_HAL_Driver/Src/stm32f4xx_hal_dma.o" --specs=nano.specs -mfpu=fpv4-sp-d16 -mfloat-abi=hard -mthumb -o "Drivers/STM32F4xx_HAL_Driver/Src/stm32f4xx_hal_dma.o"
arm-none-eabi-gcc "../Drivers/STM32F4xx_HAL_Driver/Src/stm32f4xx_hal_dma_ex.c" -mcpu=cortex-m4 -std=gnu11 -g3 -DDEBUG -DUSE_HAL_DRIVER -DSTM32F439xx -c -I../Core/Inc -I../Drivers/STM32F4xx_HAL_Driver/Inc -I../Drivers/STM32F4xx_HAL_Driver/Inc/Legacy -I../Drivers/CMSIS/Device/ST/STM32F4xx/Include -I../Drivers/CMSIS/Include -I"F:/Workspace/Licenta/Dev/App/Lib" -O0 -ffunction-sections -fdata-sections -Wall -fstack-usage -fcyclomatic-complexity -MMD -MP -MF"Drivers/STM32F4xx_HAL_Driver/Src/stm32f4xx_hal_dma_ex.d" -MT"Drivers/STM32F4xx_HAL_Driver/Src/stm32f4xx_hal_dma_ex.o" --specs=nano.specs -mfpu=fpv4-sp-d16 -mfloat-abi=hard -mthumb -o "Drivers/STM32F4xx_HAL_Driver/Src/stm32f4xx_hal_dma_ex.o"
arm-none-eabi-gcc "../Drivers/STM32F4xx_HAL_Driver/Src/stm32f4xx_hal_exti.c" -mcpu=cortex-m4 -std=gnu11 -g3 -DDEBUG -DUSE_HAL_DRIVER -DSTM32F439xx -c -I../Core/Inc -I../Drivers/STM32F4xx_HAL_Driver/Inc -I../Drivers/STM32F4xx_HAL_Driver/Inc/Legacy -I../Drivers/CMSIS/Device/ST/STM32F4xx/Include -I../Drivers/CMSIS/Include -I"F:/Workspace/Licenta/Dev/App/Lib" -O0 -ffunction-sections -fdata-sections -Wall -fstack-usage -fcyclomatic-complexity -MMD -MP -MF"Drivers/STM32F4xx_HAL_Driver/Src/stm32f4xx_hal_exti.d" -MT"Drivers/STM32F4xx_HAL_Driver/Src/stm32f4xx_hal_exti.o" --specs=nano.specs -mfpu=fpv4-sp-d16 -mfloat-abi=hard -mthumb -o "Drivers/STM32F4xx_HAL_Driver/Src/stm32f4xx_hal_exti.o"
arm-none-eabi-gcc "../Drivers/STM32F4xx_HAL_Driver/Src/stm32f4xx_hal_flash.c" -mcpu=cortex-m4 -std=gnu11 -g3 -DDEBUG -DUSE_HAL_DRIVER -DSTM32F439xx -c -I../Core/Inc -I../Drivers/STM32F4xx_HAL_Driver/Inc -I../Drivers/STM32F4xx_HAL_Driver/Inc/Legacy -I../Drivers/CMSIS/Device/ST/STM32F4xx/Include -I../Drivers/CMSIS/Include -I"F:/Workspace/Licenta/Dev/App/Lib" -O0 -ffunction-sections -fdata-sections -Wall -fstack-usage -fcyclomatic-complexity -MMD -MP -MF"Drivers/STM32F4xx_HAL_Driver/Src/stm32f4xx_hal_flash.d" -MT"Drivers/STM32F4xx_HAL_Driver/Src/stm32f4xx_hal_flash.o" --specs=nano.specs -mfpu=fpv4-sp-d16 -mfloat-abi=hard -mthumb -o "Drivers/STM32F4xx_HAL_Driver/Src/stm32f4xx_hal_flash.o"
arm-none-eabi-gcc "../Drivers/STM32F4xx_HAL_Driver/Src/stm32f4xx_hal_flash_ex.c" -mcpu=cortex-m4 -std=gnu11 -g3 -DDEBUG -DUSE_HAL_DRIVER -DSTM32F439xx -c -I../Core/Inc -I../Drivers/STM32F4xx_HAL_Driver/Inc -I../Drivers/STM32F4xx_HAL_Driver/Inc/Legacy -I../Drivers/CMSIS/Device/ST/STM32F4xx/Include -I../Drivers/CMSIS/Include -I"F:/Workspace/Licenta/Dev/App/Lib" -O0 -ffunction-sections -fdata-sections -Wall -fstack-usage -fcyclomatic-complexity -MMD -MP -MF"Drivers/STM32F4xx_HAL_Driver/Src/stm32f4xx_hal_flash_ex.d" -MT"Drivers/STM32F4xx_HAL_Driver/Src/stm32f4xx_hal_flash_ex.o" --specs=nano.specs -mfpu=fpv4-sp-d16 -mfloat-abi=hard -mthumb -o "Drivers/STM32F4xx_HAL_Driver/Src/stm32f4xx_hal_flash_ex.o"
arm-none-eabi-gcc "../Drivers/STM32F4xx_HAL_Driver/Src/stm32f4xx_hal_flash_ramfunc.c" -mcpu=cortex-m4 -std=gnu11 -g3 -DDEBUG -DUSE_HAL_DRIVER -DSTM32F439xx -c -I../Core/Inc -I../Drivers/STM32F4xx_HAL_Driver/Inc -I../Drivers/STM32F4xx_HAL_Driver/Inc/Legacy -I../Drivers/CMSIS/Device/ST/STM32F4xx/Include -I../Drivers/CMSIS/Include -I"F:/Workspace/Licenta/Dev/App/Lib" -O0 -ffunction-sections -fdata-sections -Wall -fstack-usage -fcyclomatic-complexity -MMD -MP -MF"Drivers/STM32F4xx_HAL_Driver/Src/stm32f4xx_hal_flash_ramfunc.d" -MT"Drivers/STM32F4xx_HAL_Driver/Src/stm32f4xx_hal_flash_ramfunc.o" --specs=nano.specs -mfpu=fpv4-sp-d16 -mfloat-abi=hard -mthumb -o "Drivers/STM32F4xx_HAL_Driver/Src/stm32f4xx_hal_flash_ramfunc.o"
arm-none-eabi-gcc "../Drivers/STM32F4xx_HAL_Driver/Src/stm32f4xx_hal_gpio.c" -mcpu=cortex-m4 -std=gnu11 -g3 -DDEBUG -DUSE_HAL_DRIVER -DSTM32F439xx -c -I../Core/Inc -I../Drivers/STM32F4xx_HAL_Driver/Inc -I../Drivers/STM32F4xx_HAL_Driver/Inc/Legacy -I../Drivers/CMSIS/Device/ST/STM32F4xx/Include -I../Drivers/CMSIS/Include -I"F:/Workspace/Licenta/Dev/App/Lib" -O0 -ffunction-sections -fdata-sections -Wall -fstack-usage -fcyclomatic-complexity -MMD -MP -MF"Drivers/STM32F4xx_HAL_Driver/Src/stm32f4xx_hal_gpio.d" -MT"Drivers/STM32F4xx_HAL_Driver/Src/stm32f4xx_hal_gpio.o" --specs=nano.specs -mfpu=fpv4-sp-d16 -mfloat-abi=hard -mthumb -o "Drivers/STM32F4xx_HAL_Driver/Src/stm32f4xx_hal_gpio.o"
arm-none-eabi-gcc "../Drivers/STM32F4xx_HAL_Driver/Src/stm32f4xx_hal_pwr.c" -mcpu=cortex-m4 -std=gnu11 -g3 -DDEBUG -DUSE_HAL_DRIVER -DSTM32F439xx -c -I../Core/Inc -I../Drivers/STM32F4xx_HAL_Driver/Inc -I../Drivers/STM32F4xx_HAL_Driver/Inc/Legacy -I../Drivers/CMSIS/Device/ST/STM32F4xx/Include -I../Drivers/CMSIS/Include -I"F:/Workspace/Licenta/Dev/App/Lib" -O0 -ffunction-sections -fdata-sections -Wall -fstack-usage -fcyclomatic-complexity -MMD -MP -MF"Drivers/STM32F4xx_HAL_Driver/Src/stm32f4xx_hal_pwr.d" -MT"Drivers/STM32F4xx_HAL_Driver/Src/stm32f4xx_hal_pwr.o" --specs=nano.specs -mfpu=fpv4-sp-d16 -mfloat-abi=hard -mthumb -o "Drivers/STM32F4xx_HAL_Driver/Src/stm32f4xx_hal_pwr.o"
arm-none-eabi-gcc "../Drivers/STM32F4xx_HAL_Driver/Src/stm32f4xx_hal_pwr_ex.c" -mcpu=cortex-m4 -std=gnu11 -g3 -DDEBUG -DUSE_HAL_DRIVER -DSTM32F439xx -c -I../Core/Inc -I../Drivers/STM32F4xx_HAL_Driver/Inc -I../Drivers/STM32F4xx_HAL_Driver/Inc/Legacy -I../Drivers/CMSIS/Device/ST/STM32F4xx/Include -I../Drivers/CMSIS/Include -I"F:/Workspace/Licenta/Dev/App/Lib" -O0 -ffunction-sections -fdata-sections -Wall -fstack-usage -fcyclomatic-complexity -MMD -MP -MF"Drivers/STM32F4xx_HAL_Driver/Src/stm32f4xx_hal_pwr_ex.d" -MT"Drivers/STM32F4xx_HAL_Driver/Src/stm32f4xx_hal_pwr_ex.o" --specs=nano.specs -mfpu=fpv4-sp-d16 -mfloat-abi=hard -mthumb -o "Drivers/STM32F4xx_HAL_Driver/Src/stm32f4xx_hal_pwr_ex.o"
arm-none-eabi-gcc "../Drivers/STM32F4xx_HAL_Driver/Src/stm32f4xx_hal_rcc.c" -mcpu=cortex-m4 -std=gnu11 -g3 -DDEBUG -DUSE_HAL_DRIVER -DSTM32F439xx -c -I../Core/Inc -I../Drivers/STM32F4xx_HAL_Driver/Inc -I../Drivers/STM32F4xx_HAL_Driver/Inc/Legacy -I../Drivers/CMSIS/Device/ST/STM32F4xx/Include -I../Drivers/CMSIS/Include -I"F:/Workspace/Licenta/Dev/App/Lib" -O0 -ffunction-sections -fdata-sections -Wall -fstack-usage -fcyclomatic-complexity -MMD -MP -MF"Drivers/STM32F4xx_HAL_Driver/Src/stm32f4xx_hal_rcc.d" -MT"Drivers/STM32F4xx_HAL_Driver/Src/stm32f4xx_hal_rcc.o" --specs=nano.specs -mfpu=fpv4-sp-d16 -mfloat-abi=hard -mthumb -o "Drivers/STM32F4xx_HAL_Driver/Src/stm32f4xx_hal_rcc.o"
arm-none-eabi-gcc "../Drivers/STM32F4xx_HAL_Driver/Src/stm32f4xx_hal_rcc_ex.c" -mcpu=cortex-m4 -std=gnu11 -g3 -DDEBUG -DUSE_HAL_DRIVER -DSTM32F439xx -c -I../Core/Inc -I../Drivers/STM32F4xx_HAL_Driver/Inc -I../Drivers/STM32F4xx_HAL_Driver/Inc/Legacy -I../Drivers/CMSIS/Device/ST/STM32F4xx/Include -I../Drivers/CMSIS/Include -I"F:/Workspace/Licenta/Dev/App/Lib" -O0 -ffunction-sections -fdata-sections -Wall -fstack-usage -fcyclomatic-complexity -MMD -MP -MF"Drivers/STM32F4xx_HAL_Driver/Src/stm32f4xx_hal_rcc_ex.d" -MT"Drivers/STM32F4xx_HAL_Driver/Src/stm32f4xx_hal_rcc_ex.o" --specs=nano.specs -mfpu=fpv4-sp-d16 -mfloat-abi=hard -mthumb -o "Drivers/STM32F4xx_HAL_Driver/Src/stm32f4xx_hal_rcc_ex.o"
arm-none-eabi-gcc "../Drivers/STM32F4xx_HAL_Driver/Src/stm32f4xx_hal_spi.c" -mcpu=cortex-m4 -std=gnu11 -g3 -DDEBUG -DUSE_HAL_DRIVER -DSTM32F439xx -c -I../Core/Inc -I../Drivers/STM32F4xx_HAL_Driver/Inc -I../Drivers/STM32F4xx_HAL_Driver/Inc/Legacy -I../Drivers/CMSIS/Device/ST/STM32F4xx/Include -I../Drivers/CMSIS/Include -I"F:/Workspace/Licenta/Dev/App/Lib" -O0 -ffunction-sections -fdata-sections -Wall -fstack-usage -fcyclomatic-complexity -MMD -MP -MF"Drivers/STM32F4xx_HAL_Driver/Src/stm32f4xx_hal_spi.d" -MT"Drivers/STM32F4xx_HAL_Driver/Src/stm32f4xx_hal_spi.o" --specs=nano.specs -mfpu=fpv4-sp-d16 -mfloat-abi=hard -mthumb -o "Drivers/STM32F4xx_HAL_Driver/Src/stm32f4xx_hal_spi.o"
arm-none-eabi-gcc "../Drivers/STM32F4xx_HAL_Driver/Src/stm32f4xx_hal_tim.c" -mcpu=cortex-m4 -std=gnu11 -g3 -DDEBUG -DUSE_HAL_DRIVER -DSTM32F439xx -c -I../Core/Inc -I../Drivers/STM32F4xx_HAL_Driver/Inc -I../Drivers/STM32F4xx_HAL_Driver/Inc/Legacy -I../Drivers/CMSIS/Device/ST/STM32F4xx/Include -I../Drivers/CMSIS/Include -I"F:/Workspace/Licenta/Dev/App/Lib" -O0 -ffunction-sections -fdata-sections -Wall -fstack-usage -fcyclomatic-complexity -MMD -MP -MF"Drivers/STM32F4xx_HAL_Driver/Src/stm32f4xx_hal_tim.d" -MT"Drivers/STM32F4xx_HAL_Driver/Src/stm32f4xx_hal_tim.o" --specs=nano.specs -mfpu=fpv4-sp-d16 -mfloat-abi=hard -mthumb -o "Drivers/STM32F4xx_HAL_Driver/Src/stm32f4xx_hal_tim.o"
arm-none-eabi-gcc "../Drivers/STM32F4xx_HAL_Driver/Src/stm32f4xx_hal_tim_ex.c" -mcpu=cortex-m4 -std=gnu11 -g3 -DDEBUG -DUSE_HAL_DRIVER -DSTM32F439xx -c -I../Core/Inc -I../Drivers/STM32F4xx_HAL_Driver/Inc -I../Drivers/STM32F4xx_HAL_Driver/Inc/Legacy -I../Drivers/CMSIS/Device/ST/STM32F4xx/Include -I../Drivers/CMSIS/Include -I"F:/Workspace/Licenta/Dev/App/Lib" -O0 -ffunction-sections -fdata-sections -Wall -fstack-usage -fcyclomatic-complexity -MMD -MP -MF"Drivers/STM32F4xx_HAL_Driver/Src/stm32f4xx_hal_tim_ex.d" -MT"Drivers/STM32F4xx_HAL_Driver/Src/stm32f4xx_hal_tim_ex.o" --specs=nano.specs -mfpu=fpv4-sp-d16 -mfloat-abi=hard -mthumb -o "Drivers/STM32F4xx_HAL_Driver/Src/stm32f4xx_hal_tim_ex.o"
arm-none-eabi-gcc -mcpu=cortex-m4 -g3 -DDEBUG -c -x assembler-with-cpp -MMD -MP -MF"Core/Startup/startup_stm32f439zitx.d" -MT"Core/Startup/startup_stm32f439zitx.o" --specs=nano.specs -mfpu=fpv4-sp-d16 -mfloat-abi=hard -mthumb -o "Core/Startup/startup_stm32f439zitx.o" "../Core/Startup/startup_stm32f439zitx.s"
arm-none-eabi-gcc "../Core/Src/main.c" -mcpu=cortex-m4 -std=gnu11 -g3 -DDEBUG -DUSE_HAL_DRIVER -DSTM32F439xx -c -I../Core/Inc -I../Drivers/STM32F4xx_HAL_Driver/Inc -I../Drivers/STM32F4xx_HAL_Driver/Inc/Legacy -I../Drivers/CMSIS/Device/ST/STM32F4xx/Include -I../Drivers/CMSIS/Include -I"F:/Workspace/Licenta/Dev/App/Lib" -O0 -ffunction-sections -fdata-sections -Wall -fstack-usage -fcyclomatic-complexity -MMD -MP -MF"Core/Src/main.d" -MT"Core/Src/main.o" --specs=nano.specs -mfpu=fpv4-sp-d16 -mfloat-abi=hard -mthumb -o "Core/Src/main.o"
arm-none-eabi-gcc "../Core/Src/stm32f4xx_hal_msp.c" -mcpu=cortex-m4 -std=gnu11 -g3 -DDEBUG -DUSE_HAL_DRIVER -DSTM32F439xx -c -I../Core/Inc -I../Drivers/STM32F4xx_HAL_Driver/Inc -I../Drivers/STM32F4xx_HAL_Driver/Inc/Legacy -I../Drivers/CMSIS/Device/ST/STM32F4xx/Include -I../Drivers/CMSIS/Include -I"F:/Workspace/Licenta/Dev/App/Lib" -O0 -ffunction-sections -fdata-sections -Wall -fstack-usage -fcyclomatic-complexity -MMD -MP -MF"Core/Src/stm32f4xx_hal_msp.d" -MT"Core/Src/stm32f4xx_hal_msp.o" --specs=nano.specs -mfpu=fpv4-sp-d16 -mfloat-abi=hard -mthumb -o "Core/Src/stm32f4xx_hal_msp.o"
arm-none-eabi-gcc "../Core/Src/stm32f4xx_it.c" -mcpu=cortex-m4 -std=gnu11 -g3 -DDEBUG -DUSE_HAL_DRIVER -DSTM32F439xx -c -I../Core/Inc -I../Drivers/STM32F4xx_HAL_Driver/Inc -I../Drivers/STM32F4xx_HAL_Driver/Inc/Legacy -I../Drivers/CMSIS/Device/ST/STM32F4xx/Include -I../Drivers/CMSIS/Include -I"F:/Workspace/Licenta/Dev/App/Lib" -O0 -ffunction-sections -fdata-sections -Wall -fstack-usage -fcyclomatic-complexity -MMD -MP -MF"Core/Src/stm32f4xx_it.d" -MT"Core/Src/stm32f4xx_it.o" --specs=nano.specs -mfpu=fpv4-sp-d16 -mfloat-abi=hard -mthumb -o "Core/Src/stm32f4xx_it.o"
arm-none-eabi-gcc "../Core/Src/syscalls.c" -mcpu=cortex-m4 -std=gnu11 -g3 -DDEBUG -DUSE_HAL_DRIVER -DSTM32F439xx -c -I../Core/Inc -I../Drivers/STM32F4xx_HAL_Driver/Inc -I../Drivers/STM32F4xx_HAL_Driver/Inc/Legacy -I../Drivers/CMSIS/Device/ST/STM32F4xx/Include -I../Drivers/CMSIS/Include -I"F:/Workspace/Licenta/Dev/App/Lib" -O0 -ffunction-sections -fdata-sections -Wall -fstack-usage -fcyclomatic-complexity -MMD -MP -MF"Core/Src/syscalls.d" -MT"Core/Src/syscalls.o" --specs=nano.specs -mfpu=fpv4-sp-d16 -mfloat-abi=hard -mthumb -o "Core/Src/syscalls.o"
arm-none-eabi-gcc "../Core/Src/sysmem.c" -mcpu=cortex-m4 -std=gnu11 -g3 -DDEBUG -DUSE_HAL_DRIVER -DSTM32F439xx -c -I../Core/Inc -I../Drivers/STM32F4xx_HAL_Driver/Inc -I../Drivers/STM32F4xx_HAL_Driver/Inc/Legacy -I../Drivers/CMSIS/Device/ST/STM32F4xx/Include -I../Drivers/CMSIS/Include -I"F:/Workspace/Licenta/Dev/App/Lib" -O0 -ffunction-sections -fdata-sections -Wall -fstack-usage -fcyclomatic-complexity -MMD -MP -MF"Core/Src/sysmem.d" -MT"Core/Src/sysmem.o" --specs=nano.specs -mfpu=fpv4-sp-d16 -mfloat-abi=hard -mthumb -o "Core/Src/sysmem.o"
arm-none-eabi-gcc "../Core/Src/system_stm32f4xx.c" -mcpu=cortex-m4 -std=gnu11 -g3 -DDEBUG -DUSE_HAL_DRIVER -DSTM32F439xx -c -I../Core/Inc -I../Drivers/STM32F4xx_HAL_Driver/Inc -I../Drivers/STM32F4xx_HAL_Driver/Inc/Legacy -I../Drivers/CMSIS/Device/ST/STM32F4xx/Include -I../Drivers/CMSIS/Include -I"F:/Workspace/Licenta/Dev/App/Lib" -O0 -ffunction-sections -fdata-sections -Wall -fstack-usage -fcyclomatic-complexity -MMD -MP -MF"Core/Src/system_stm32f4xx.d" -MT"Core/Src/system_stm32f4xx.o" --specs=nano.specs -mfpu=fpv4-sp-d16 -mfloat-abi=hard -mthumb -o "Core/Src/system_stm32f4xx.o"
arm-none-eabi-gcc "../App/Src/openmv_h7_diag.c" -mcpu=cortex-m4 -std=gnu11 -g3 -DDEBUG -DUSE_HAL_DRIVER -DSTM32F439xx -c -I../Core/Inc -I../Drivers/STM32F4xx_HAL_Driver/Inc -I../Drivers/STM32F4xx_HAL_Driver/Inc/Legacy -I../Drivers/CMSIS/Device/ST/STM32F4xx/Include -I../Drivers/CMSIS/Include -I"F:/Workspace/Licenta/Dev/App/Lib" -O0 -ffunction-sections -fdata-sections -Wall -fstack-usage -fcyclomatic-complexity -MMD -MP -MF"App/Src/openmv_h7_diag.d" -MT"App/Src/openmv_h7_diag.o" --specs=nano.specs -mfpu=fpv4-sp-d16 -mfloat-abi=hard -mthumb -o "App/Src/openmv_h7_diag.o"
../App/Src/openmv_h7_diag.c:7:10: fatal error: openmv_h7_diah.h: No such file or directory
    7 | #include "openmv_h7_diah.h"
      |          ^~~~~~~~~~~~~~~~~~
compilation terminated.
make: *** [App/Src/subdir.mk:19: App/Src/openmv_h7_diag.o] Error 1
make: *** Waiting for unfinished jobs....
../Core/Src/main.c: In function 'main':
../Core/Src/main.c:73:27: warning: variable 'retVal' set but not used [-Wunused-but-set-variable]
   73 |         HAL_StatusTypeDef retVal = HAL_OK;
      |                           ^~~~~~
"make -j12 all" terminated with exit code 2. Build might be incomplete.
19:41:00 **** Incremental Build of configuration Debug for project Dev ****
make -j12 all 
arm-none-eabi-gcc "../App/Src/openmv_h7_diag.c" -mcpu=cortex-m4 -std=gnu11 -g3 -DDEBUG -DUSE_HAL_DRIVER -DSTM32F439xx -c -I../Core/Inc -I../Drivers/STM32F4xx_HAL_Driver/Inc -I../Drivers/STM32F4xx_HAL_Driver/Inc/Legacy -I../Drivers/CMSIS/Device/ST/STM32F4xx/Include -I../Drivers/CMSIS/Include -I"F:/Workspace/Licenta/Dev/App/Lib" -O0 -ffunction-sections -fdata-sections -Wall -fstack-usage -fcyclomatic-complexity -MMD -MP -MF"App/Src/openmv_h7_diag.d" -MT"App/Src/openmv_h7_diag.o" --specs=nano.specs -mfpu=fpv4-sp-d16 -mfloat-abi=hard -mthumb -o "App/Src/openmv_h7_diag.o"
In file included from ../App/Src/openmv_h7_diag.c:7:
F:/Workspace/Licenta/Dev/App/Lib/openmv_h7_diag.h:24:9: error: unknown type name 'int16_t'
   24 |         int16_t camera_x;
      |         ^~~~~~~
F:/Workspace/Licenta/Dev/App/Lib/openmv_h7_diag.h:25:9: error: unknown type name 'int16_t'
   25 |         int16_t camera_y;
      |         ^~~~~~~
F:/Workspace/Licenta/Dev/App/Lib/openmv_h7_diag.h:26:9: error: unknown type name 'int16_t'
   26 |         int16_t camera_h;
      |         ^~~~~~~
F:/Workspace/Licenta/Dev/App/Lib/openmv_h7_diag.h:27:9: error: unknown type name 'int16_t'
   27 |         int16_t camera_w;
      |         ^~~~~~~
F:/Workspace/Licenta/Dev/App/Lib/openmv_h7_diag.h:35:1: error: unknown type name 'OpenMV_ReturnType'
   35 | OpenMV_ReturnType OpenMV_Read(OpenMV_ML_Data *cameraData);
      | ^~~~~~~~~~~~~~~~~
F:/Workspace/Licenta/Dev/App/Lib/openmv_h7_diag.h:35:31: error: expected declaration specifiers or '...' before 'OpenMV_ML_Data'
   35 | OpenMV_ReturnType OpenMV_Read(OpenMV_ML_Data *cameraData);
      |                               ^~~~~~~~~~~~~~
F:/Workspace/Licenta/Dev/App/Lib/openmv_h7_diag.h:36:1: error: unknown type name 'OpenMV_ReturnType'
   36 | OpenMV_ReturnType OpenMV_Write(uint16_t data);
      | ^~~~~~~~~~~~~~~~~
F:/Workspace/Licenta/Dev/App/Lib/openmv_h7_diag.h:36:32: error: unknown type name 'uint16_t'
   36 | OpenMV_ReturnType OpenMV_Write(uint16_t data);
      |                                ^~~~~~~~
F:/Workspace/Licenta/Dev/App/Lib/openmv_h7_diag.h:1:1: note: 'uint16_t' is defined in header '<stdint.h>'; did you forget to '#include <stdint.h>'?
  +++ |+#include <stdint.h>
    1 | /*              openmv_h7_diaG.h                         */
../App/Src/openmv_h7_diag.c:14:1: error: unknown type name 'OpenMV_ReturnType'
   14 | OpenMV_ReturnType OpenMV_Read(OpenMV_ML_Data *cameraData)
      | ^~~~~~~~~~~~~~~~~
../App/Src/openmv_h7_diag.c:14:31: error: expected declaration specifiers or '...' before 'OpenMV_ML_Data'
   14 | OpenMV_ReturnType OpenMV_Read(OpenMV_ML_Data *cameraData)
      |                               ^~~~~~~~~~~~~~
../App/Src/openmv_h7_diag.c:19:1: error: unknown type name 'OpenMV_ReturnType'
   19 | OpenMV_ReturnType OpenMV_Write(uint16_t data)
      | ^~~~~~~~~~~~~~~~~
../App/Src/openmv_h7_diag.c:19:32: error: unknown type name 'uint16_t'
   19 | OpenMV_ReturnType OpenMV_Write(uint16_t data)
      |                                ^~~~~~~~
../App/Src/openmv_h7_diag.c:8:1: note: 'uint16_t' is defined in header '<stdint.h>'; did you forget to '#include <stdint.h>'?
    7 | #include "openmv_h7_diag.h"
  +++ |+#include <stdint.h>
    8 | 
make: *** [App/Src/subdir.mk:19: App/Src/openmv_h7_diag.o] Error 1
"make -j12 all" terminated with exit code 2. Build might be incomplete.
19:41:57 **** Incremental Build of configuration Debug for project Dev ****
make -j12 all 
arm-none-eabi-gcc "../App/Src/openmv_h7_diag.c" -mcpu=cortex-m4 -std=gnu11 -g3 -DDEBUG -DUSE_HAL_DRIVER -DSTM32F439xx -c -I../Core/Inc -I../Drivers/STM32F4xx_HAL_Driver/Inc -I../Drivers/STM32F4xx_HAL_Driver/Inc/Legacy -I../Drivers/CMSIS/Device/ST/STM32F4xx/Include -I../Drivers/CMSIS/Include -I"F:/Workspace/Licenta/Dev/App/Lib" -O0 -ffunction-sections -fdata-sections -Wall -fstack-usage -fcyclomatic-complexity -MMD -MP -MF"App/Src/openmv_h7_diag.d" -MT"App/Src/openmv_h7_diag.o" --specs=nano.specs -mfpu=fpv4-sp-d16 -mfloat-abi=hard -mthumb -o "App/Src/openmv_h7_diag.o"
In file included from ../App/Src/openmv_h7_diag.c:7:
F:/Workspace/Licenta/Dev/App/Lib/openmv_h7_diag.h:36:1: error: unknown type name 'OpenMV_ReturnType'
   36 | OpenMV_ReturnType OpenMV_Read(OpenMV_ML_Data *cameraData);
      | ^~~~~~~~~~~~~~~~~
F:/Workspace/Licenta/Dev/App/Lib/openmv_h7_diag.h:36:31: error: expected declaration specifiers or '...' before 'OpenMV_ML_Data'
   36 | OpenMV_ReturnType OpenMV_Read(OpenMV_ML_Data *cameraData);
      |                               ^~~~~~~~~~~~~~
F:/Workspace/Licenta/Dev/App/Lib/openmv_h7_diag.h:37:1: error: unknown type name 'OpenMV_ReturnType'
   37 | OpenMV_ReturnType OpenMV_Write(uint16_t data);
      | ^~~~~~~~~~~~~~~~~
../App/Src/openmv_h7_diag.c:14:1: error: unknown type name 'OpenMV_ReturnType'
   14 | OpenMV_ReturnType OpenMV_Read(OpenMV_ML_Data *cameraData)
      | ^~~~~~~~~~~~~~~~~
../App/Src/openmv_h7_diag.c:14:31: error: expected declaration specifiers or '...' before 'OpenMV_ML_Data'
   14 | OpenMV_ReturnType OpenMV_Read(OpenMV_ML_Data *cameraData)
      |                               ^~~~~~~~~~~~~~
../App/Src/openmv_h7_diag.c:19:1: error: unknown type name 'OpenMV_ReturnType'
   19 | OpenMV_ReturnType OpenMV_Write(uint16_t data)
      | ^~~~~~~~~~~~~~~~~
make: *** [App/Src/subdir.mk:19: App/Src/openmv_h7_diag.o] Error 1
"make -j12 all" terminated with exit code 2. Build might be incomplete.
19:42:11 **** Incremental Build of configuration Debug for project Dev ****
make -j12 all 
arm-none-eabi-gcc "../App/Src/openmv_h7_diag.c" -mcpu=cortex-m4 -std=gnu11 -g3 -DDEBUG -DUSE_HAL_DRIVER -DSTM32F439xx -c -I../Core/Inc -I../Drivers/STM32F4xx_HAL_Driver/Inc -I../Drivers/STM32F4xx_HAL_Driver/Inc/Legacy -I../Drivers/CMSIS/Device/ST/STM32F4xx/Include -I../Drivers/CMSIS/Include -I"F:/Workspace/Licenta/Dev/App/Lib" -O0 -ffunction-sections -fdata-sections -Wall -fstack-usage -fcyclomatic-complexity -MMD -MP -MF"App/Src/openmv_h7_diag.d" -MT"App/Src/openmv_h7_diag.o" --specs=nano.specs -mfpu=fpv4-sp-d16 -mfloat-abi=hard -mthumb -o "App/Src/openmv_h7_diag.o"
In file included from ../App/Src/openmv_h7_diag.c:7:
F:/Workspace/Licenta/Dev/App/Lib/openmv_h7_diag.h:18:8: error: expected ';' before 'enum'
   18 | tydedef enum
      |        ^~~~~
      |        ;
F:/Workspace/Licenta/Dev/App/Lib/openmv_h7_diag.h:36:1: error: unknown type name 'OpenMV_ReturnType'
   36 | OpenMV_ReturnType OpenMV_Read(OpenMV_ML_Data *cameraData);
      | ^~~~~~~~~~~~~~~~~
F:/Workspace/Licenta/Dev/App/Lib/openmv_h7_diag.h:36:31: error: expected declaration specifiers or '...' before 'OpenMV_ML_Data'
   36 | OpenMV_ReturnType OpenMV_Read(OpenMV_ML_Data *cameraData);
      |                               ^~~~~~~~~~~~~~
F:/Workspace/Licenta/Dev/App/Lib/openmv_h7_diag.h:37:1: error: unknown type name 'OpenMV_ReturnType'
   37 | OpenMV_ReturnType OpenMV_Write(uint16_t data);
      | ^~~~~~~~~~~~~~~~~
../App/Src/openmv_h7_diag.c:14:1: error: unknown type name 'OpenMV_ReturnType'
   14 | OpenMV_ReturnType OpenMV_Read(OpenMV_ML_Data *cameraData)
      | ^~~~~~~~~~~~~~~~~
../App/Src/openmv_h7_diag.c:14:31: error: expected declaration specifiers or '...' before 'OpenMV_ML_Data'
   14 | OpenMV_ReturnType OpenMV_Read(OpenMV_ML_Data *cameraData)
      |                               ^~~~~~~~~~~~~~
../App/Src/openmv_h7_diag.c:19:1: error: unknown type name 'OpenMV_ReturnType'
   19 | OpenMV_ReturnType OpenMV_Write(uint16_t data)
      | ^~~~~~~~~~~~~~~~~
make: *** [App/Src/subdir.mk:19: App/Src/openmv_h7_diag.o] Error 1
"make -j12 all" terminated with exit code 2. Build might be incomplete.
19:42:19 **** Incremental Build of configuration Debug for project Dev ****
make -j12 all 
arm-none-eabi-gcc "../App/Src/openmv_h7_diag.c" -mcpu=cortex-m4 -std=gnu11 -g3 -DDEBUG -DUSE_HAL_DRIVER -DSTM32F439xx -c -I../Core/Inc -I../Drivers/STM32F4xx_HAL_Driver/Inc -I../Drivers/STM32F4xx_HAL_Driver/Inc/Legacy -I../Drivers/CMSIS/Device/ST/STM32F4xx/Include -I../Drivers/CMSIS/Include -I"F:/Workspace/Licenta/Dev/App/Lib" -O0 -ffunction-sections -fdata-sections -Wall -fstack-usage -fcyclomatic-complexity -MMD -MP -MF"App/Src/openmv_h7_diag.d" -MT"App/Src/openmv_h7_diag.o" --specs=nano.specs -mfpu=fpv4-sp-d16 -mfloat-abi=hard -mthumb -o "App/Src/openmv_h7_diag.o"
In file included from ../App/Src/openmv_h7_diag.c:7:
F:/Workspace/Licenta/Dev/App/Lib/openmv_h7_diag.h:36:31: error: expected declaration specifiers or '...' before 'OpenMV_ML_Data'
   36 | OpenMV_ReturnType OpenMV_Read(OpenMV_ML_Data *cameraData);
      |                               ^~~~~~~~~~~~~~
../App/Src/openmv_h7_diag.c:14:31: error: expected declaration specifiers or '...' before 'OpenMV_ML_Data'
   14 | OpenMV_ReturnType OpenMV_Read(OpenMV_ML_Data *cameraData)
      |                               ^~~~~~~~~~~~~~
make: *** [App/Src/subdir.mk:19: App/Src/openmv_h7_diag.o] Error 1
"make -j12 all" terminated with exit code 2. Build might be incomplete.
19:42:29 **** Incremental Build of configuration Debug for project Dev ****
make -j12 all 
arm-none-eabi-gcc "../App/Src/openmv_h7_diag.c" -mcpu=cortex-m4 -std=gnu11 -g3 -DDEBUG -DUSE_HAL_DRIVER -DSTM32F439xx -c -I../Core/Inc -I../Drivers/STM32F4xx_HAL_Driver/Inc -I../Drivers/STM32F4xx_HAL_Driver/Inc/Legacy -I../Drivers/CMSIS/Device/ST/STM32F4xx/Include -I../Drivers/CMSIS/Include -I"F:/Workspace/Licenta/Dev/App/Lib" -O0 -ffunction-sections -fdata-sections -Wall -fstack-usage -fcyclomatic-complexity -MMD -MP -MF"App/Src/openmv_h7_diag.d" -MT"App/Src/openmv_h7_diag.o" --specs=nano.specs -mfpu=fpv4-sp-d16 -mfloat-abi=hard -mthumb -o "App/Src/openmv_h7_diag.o"
arm-none-eabi-gcc -o "Dev.elf" @"objects.list"   -mcpu=cortex-m4 -T"F:\Workspace\Licenta\Dev\STM32F439ZITX_FLASH.ld" --specs=nosys.specs -Wl,-Map="Dev.map" -Wl,--gc-sections -static --specs=nano.specs -mfpu=fpv4-sp-d16 -mfloat-abi=hard -mthumb -Wl,--start-group -lc -lm -Wl,--end-group
Finished building target: Dev.elf
 
arm-none-eabi-size  Dev.elf 
arm-none-eabi-objdump -h -S Dev.elf  > "Dev.list"
   text	   data	    bss	    dec	    hex	filename
   8624	     16	   1664	  10304	   2840	Dev.elf
Finished building: default.size.stdout
 
Finished building: Dev.list
 
19:43:42 **** Incremental Build of configuration Debug for project Dev ****
make -j12 all 
arm-none-eabi-gcc "../App/Src/openmv_h7_diag.c" -mcpu=cortex-m4 -std=gnu11 -g3 -DDEBUG -DUSE_HAL_DRIVER -DSTM32F439xx -c -I../Core/Inc -I../Drivers/STM32F4xx_HAL_Driver/Inc -I../Drivers/STM32F4xx_HAL_Driver/Inc/Legacy -I../Drivers/CMSIS/Device/ST/STM32F4xx/Include -I../Drivers/CMSIS/Include -I"F:/Workspace/Licenta/Dev/App/Lib" -O0 -ffunction-sections -fdata-sections -Wall -fstack-usage -fcyclomatic-complexity -MMD -MP -MF"App/Src/openmv_h7_diag.d" -MT"App/Src/openmv_h7_diag.o" --specs=nano.specs -mfpu=fpv4-sp-d16 -mfloat-abi=hard -mthumb -o "App/Src/openmv_h7_diag.o"
../App/Src/openmv_h7_diag.c: In function 'OpenMV_Init':
../App/Src/openmv_h7_diag.c:11:15: error: expected expression before 'return'
   11 |         (void)return;
      |               ^~~~~~
make: *** [App/Src/subdir.mk:19: App/Src/openmv_h7_diag.o] Error 1
"make -j12 all" terminated with exit code 2. Build might be incomplete.
19:43:57 **** Incremental Build of configuration Debug for project Dev ****
make -j12 all 
arm-none-eabi-gcc "../App/Src/openmv_h7_diag.c" -mcpu=cortex-m4 -std=gnu11 -g3 -DDEBUG -DUSE_HAL_DRIVER -DSTM32F439xx -c -I../Core/Inc -I../Drivers/STM32F4xx_HAL_Driver/Inc -I../Drivers/STM32F4xx_HAL_Driver/Inc/Legacy -I../Drivers/CMSIS/Device/ST/STM32F4xx/Include -I../Drivers/CMSIS/Include -I"F:/Workspace/Licenta/Dev/App/Lib" -O0 -ffunction-sections -fdata-sections -Wall -fstack-usage -fcyclomatic-complexity -MMD -MP -MF"App/Src/openmv_h7_diag.d" -MT"App/Src/openmv_h7_diag.o" --specs=nano.specs -mfpu=fpv4-sp-d16 -mfloat-abi=hard -mthumb -o "App/Src/openmv_h7_diag.o"
arm-none-eabi-gcc -o "Dev.elf" @"objects.list"   -mcpu=cortex-m4 -T"F:\Workspace\Licenta\Dev\STM32F439ZITX_FLASH.ld" --specs=nosys.specs -Wl,-Map="Dev.map" -Wl,--gc-sections -static --specs=nano.specs -mfpu=fpv4-sp-d16 -mfloat-abi=hard -mthumb -Wl,--start-group -lc -lm -Wl,--end-group
Finished building target: Dev.elf
 
arm-none-eabi-size  Dev.elf 
arm-none-eabi-objdump -h -S Dev.elf  > "Dev.list"
   text	   data	    bss	    dec	    hex	filename
   8624	     16	   1664	  10304	   2840	Dev.elf
Finished building: default.size.stdout
 
Finished building: Dev.list
 
20:31:10 **** Incremental Build of configuration Debug for project Dev ****
make -j12 all 
arm-none-eabi-gcc "../App/Src/openmv_h7_diag.c" -mcpu=cortex-m4 -std=gnu11 -g3 -DDEBUG -DUSE_HAL_DRIVER -DSTM32F439xx -c -I../Core/Inc -I../Drivers/STM32F4xx_HAL_Driver/Inc -I../Drivers/STM32F4xx_HAL_Driver/Inc/Legacy -I../Drivers/CMSIS/Device/ST/STM32F4xx/Include -I../Drivers/CMSIS/Include -I"F:/Workspace/Licenta/Dev/App/Lib" -O0 -ffunction-sections -fdata-sections -Wall -fstack-usage -fcyclomatic-complexity -MMD -MP -MF"App/Src/openmv_h7_diag.d" -MT"App/Src/openmv_h7_diag.o" --specs=nano.specs -mfpu=fpv4-sp-d16 -mfloat-abi=hard -mthumb -o "App/Src/openmv_h7_diag.o"
In file included from ../Drivers/STM32F4xx_HAL_Driver/Inc/stm32f4xx_hal_rcc.h:31,
                 from ../Core/Inc/stm32f4xx_hal_conf.h:275,
                 from ../Drivers/STM32F4xx_HAL_Driver/Inc/stm32f4xx_hal.h:29,
                 from ../Drivers/CMSIS/Device/ST/STM32F4xx/Include/stm32f4xx.h:287,
                 from ../Drivers/STM32F4xx_HAL_Driver/Inc/stm32f4xx_hal_def.h:29,
                 from ../Drivers/STM32F4xx_HAL_Driver/Inc/stm32f4xx_hal_spi.h:28,
                 from F:/Workspace/Licenta/Dev/App/Lib/openmv_h7_diag.h:8,
                 from ../App/Src/openmv_h7_diag.c:7:
../Drivers/STM32F4xx_HAL_Driver/Inc/stm32f4xx_hal_rcc_ex.h:6806:1: error: unknown type name 'HAL_StatusTypeDef'
 6806 | HAL_StatusTypeDef HAL_RCCEx_PeriphCLKConfig(RCC_PeriphCLKInitTypeDef  *PeriphClkInit);
      | ^~~~~~~~~~~~~~~~~
../Drivers/STM32F4xx_HAL_Driver/Inc/stm32f4xx_hal_rcc_ex.h:6818:1: error: unknown type name 'HAL_StatusTypeDef'
 6818 | HAL_StatusTypeDef HAL_RCCEx_EnablePLLI2S(RCC_PLLI2SInitTypeDef  *PLLI2SInit);
      | ^~~~~~~~~~~~~~~~~
../Drivers/STM32F4xx_HAL_Driver/Inc/stm32f4xx_hal_rcc_ex.h:6819:1: error: unknown type name 'HAL_StatusTypeDef'
 6819 | HAL_StatusTypeDef HAL_RCCEx_DisablePLLI2S(void);
      | ^~~~~~~~~~~~~~~~~
../Drivers/STM32F4xx_HAL_Driver/Inc/stm32f4xx_hal_rcc_ex.h:6822:1: error: unknown type name 'HAL_StatusTypeDef'
 6822 | HAL_StatusTypeDef HAL_RCCEx_EnablePLLSAI(RCC_PLLSAIInitTypeDef  *PLLSAIInit);
      | ^~~~~~~~~~~~~~~~~
../Drivers/STM32F4xx_HAL_Driver/Inc/stm32f4xx_hal_rcc_ex.h:6823:1: error: unknown type name 'HAL_StatusTypeDef'
 6823 | HAL_StatusTypeDef HAL_RCCEx_DisablePLLSAI(void);
      | ^~~~~~~~~~~~~~~~~
../Drivers/STM32F4xx_HAL_Driver/Inc/stm32f4xx_hal_rcc.h:1244:1: error: unknown type name 'HAL_StatusTypeDef'
 1244 | HAL_StatusTypeDef HAL_RCC_DeInit(void);
      | ^~~~~~~~~~~~~~~~~
../Drivers/STM32F4xx_HAL_Driver/Inc/stm32f4xx_hal_rcc.h:1245:1: error: unknown type name 'HAL_StatusTypeDef'
 1245 | HAL_StatusTypeDef HAL_RCC_OscConfig(RCC_OscInitTypeDef *RCC_OscInitStruct);
      | ^~~~~~~~~~~~~~~~~
../Drivers/STM32F4xx_HAL_Driver/Inc/stm32f4xx_hal_rcc.h:1246:1: error: unknown type name 'HAL_StatusTypeDef'
 1246 | HAL_StatusTypeDef HAL_RCC_ClockConfig(RCC_ClkInitTypeDef *RCC_ClkInitStruct, uint32_t FLatency);
      | ^~~~~~~~~~~~~~~~~
In file included from ../Core/Inc/stm32f4xx_hal_conf.h:279:
../Drivers/STM32F4xx_HAL_Driver/Inc/stm32f4xx_hal_gpio.h:237:1: error: unknown type name 'HAL_StatusTypeDef'
  237 | HAL_StatusTypeDef HAL_GPIO_LockPin(GPIO_TypeDef* GPIOx, uint16_t GPIO_Pin);
      | ^~~~~~~~~~~~~~~~~
In file included from ../Core/Inc/stm32f4xx_hal_conf.h:283:
../Drivers/STM32F4xx_HAL_Driver/Inc/stm32f4xx_hal_exti.h:326:1: error: unknown type name 'HAL_StatusTypeDef'
  326 | HAL_StatusTypeDef HAL_EXTI_SetConfigLine(EXTI_HandleTypeDef *hexti, EXTI_ConfigTypeDef *pExtiConfig);
      | ^~~~~~~~~~~~~~~~~
../Drivers/STM32F4xx_HAL_Driver/Inc/stm32f4xx_hal_exti.h:327:1: error: unknown type name 'HAL_StatusTypeDef'
  327 | HAL_StatusTypeDef HAL_EXTI_GetConfigLine(EXTI_HandleTypeDef *hexti, EXTI_ConfigTypeDef *pExtiConfig);
      | ^~~~~~~~~~~~~~~~~
../Drivers/STM32F4xx_HAL_Driver/Inc/stm32f4xx_hal_exti.h:328:1: error: unknown type name 'HAL_StatusTypeDef'
  328 | HAL_StatusTypeDef HAL_EXTI_ClearConfigLine(EXTI_HandleTypeDef *hexti);
      | ^~~~~~~~~~~~~~~~~
../Drivers/STM32F4xx_HAL_Driver/Inc/stm32f4xx_hal_exti.h:329:1: error: unknown type name 'HAL_StatusTypeDef'
  329 | HAL_StatusTypeDef HAL_EXTI_RegisterCallback(EXTI_HandleTypeDef *hexti, EXTI_CallbackIDTypeDef CallbackID, void (*pPendingCbfn)(void));
      | ^~~~~~~~~~~~~~~~~
../Drivers/STM32F4xx_HAL_Driver/Inc/stm32f4xx_hal_exti.h:330:1: error: unknown type name 'HAL_StatusTypeDef'
  330 | HAL_StatusTypeDef HAL_EXTI_GetHandle(EXTI_HandleTypeDef *hexti, uint32_t ExtiLine);
      | ^~~~~~~~~~~~~~~~~
In file included from ../Core/Inc/stm32f4xx_hal_conf.h:287:
../Drivers/STM32F4xx_HAL_Driver/Inc/stm32f4xx_hal_dma.h:144:3: error: unknown type name 'HAL_LockTypeDef'
  144 |   HAL_LockTypeDef            Lock;                                                             /*!< DMA locking object                     */
      |   ^~~~~~~~~~~~~~~
In file included from ../Drivers/STM32F4xx_HAL_Driver/Inc/stm32f4xx_hal_dma.h:639:
../Drivers/STM32F4xx_HAL_Driver/Inc/stm32f4xx_hal_dma_ex.h:69:1: error: unknown type name 'HAL_StatusTypeDef'; did you mean 'HAL_DMA_StateTypeDef'?
   69 | HAL_StatusTypeDef HAL_DMAEx_MultiBufferStart(DMA_HandleTypeDef *hdma, uint32_t SrcAddress, uint32_t DstAddress, uint32_t SecondMemAddress, uint32_t DataLength);
      | ^~~~~~~~~~~~~~~~~
      | HAL_DMA_StateTypeDef
../Drivers/STM32F4xx_HAL_Driver/Inc/stm32f4xx_hal_dma_ex.h:70:1: error: unknown type name 'HAL_StatusTypeDef'; did you mean 'HAL_DMA_StateTypeDef'?
   70 | HAL_StatusTypeDef HAL_DMAEx_MultiBufferStart_IT(DMA_HandleTypeDef *hdma, uint32_t SrcAddress, uint32_t DstAddress, uint32_t SecondMemAddress, uint32_t DataLength);
      | ^~~~~~~~~~~~~~~~~
      | HAL_DMA_StateTypeDef
../Drivers/STM32F4xx_HAL_Driver/Inc/stm32f4xx_hal_dma_ex.h:71:1: error: unknown type name 'HAL_StatusTypeDef'; did you mean 'HAL_DMA_StateTypeDef'?
   71 | HAL_StatusTypeDef HAL_DMAEx_ChangeMemory(DMA_HandleTypeDef *hdma, uint32_t Address, HAL_DMA_MemoryTypeDef memory);
      | ^~~~~~~~~~~~~~~~~
      | HAL_DMA_StateTypeDef
../Drivers/STM32F4xx_HAL_Driver/Inc/stm32f4xx_hal_dma.h:652:1: error: unknown type name 'HAL_StatusTypeDef'; did you mean 'HAL_DMA_StateTypeDef'?
  652 | HAL_StatusTypeDef HAL_DMA_Init(DMA_HandleTypeDef *hdma);
      | ^~~~~~~~~~~~~~~~~
      | HAL_DMA_StateTypeDef
../Drivers/STM32F4xx_HAL_Driver/Inc/stm32f4xx_hal_dma.h:653:1: error: unknown type name 'HAL_StatusTypeDef'; did you mean 'HAL_DMA_StateTypeDef'?
  653 | HAL_StatusTypeDef HAL_DMA_DeInit(DMA_HandleTypeDef *hdma);
      | ^~~~~~~~~~~~~~~~~
      | HAL_DMA_StateTypeDef
../Drivers/STM32F4xx_HAL_Driver/Inc/stm32f4xx_hal_dma.h:662:1: error: unknown type name 'HAL_StatusTypeDef'; did you mean 'HAL_DMA_StateTypeDef'?
  662 | HAL_StatusTypeDef HAL_DMA_Start (DMA_HandleTypeDef *hdma, uint32_t SrcAddress, uint32_t DstAddress, uint32_t DataLength);
      | ^~~~~~~~~~~~~~~~~
      | HAL_DMA_StateTypeDef
../Drivers/STM32F4xx_HAL_Driver/Inc/stm32f4xx_hal_dma.h:663:1: error: unknown type name 'HAL_StatusTypeDef'; did you mean 'HAL_DMA_StateTypeDef'?
  663 | HAL_StatusTypeDef HAL_DMA_Start_IT(DMA_HandleTypeDef *hdma, uint32_t SrcAddress, uint32_t DstAddress, uint32_t DataLength);
      | ^~~~~~~~~~~~~~~~~
      | HAL_DMA_StateTypeDef
../Drivers/STM32F4xx_HAL_Driver/Inc/stm32f4xx_hal_dma.h:664:1: error: unknown type name 'HAL_StatusTypeDef'; did you mean 'HAL_DMA_StateTypeDef'?
  664 | HAL_StatusTypeDef HAL_DMA_Abort(DMA_HandleTypeDef *hdma);
      | ^~~~~~~~~~~~~~~~~
      | HAL_DMA_StateTypeDef
../Drivers/STM32F4xx_HAL_Driver/Inc/stm32f4xx_hal_dma.h:665:1: error: unknown type name 'HAL_StatusTypeDef'; did you mean 'HAL_DMA_StateTypeDef'?
  665 | HAL_StatusTypeDef HAL_DMA_Abort_IT(DMA_HandleTypeDef *hdma);
      | ^~~~~~~~~~~~~~~~~
      | HAL_DMA_StateTypeDef
../Drivers/STM32F4xx_HAL_Driver/Inc/stm32f4xx_hal_dma.h:666:1: error: unknown type name 'HAL_StatusTypeDef'; did you mean 'HAL_DMA_StateTypeDef'?
  666 | HAL_StatusTypeDef HAL_DMA_PollForTransfer(DMA_HandleTypeDef *hdma, HAL_DMA_LevelCompleteTypeDef CompleteLevel, uint32_t Timeout);
      | ^~~~~~~~~~~~~~~~~
      | HAL_DMA_StateTypeDef
../Drivers/STM32F4xx_HAL_Driver/Inc/stm32f4xx_hal_dma.h:668:1: error: unknown type name 'HAL_StatusTypeDef'; did you mean 'HAL_DMA_StateTypeDef'?
  668 | HAL_StatusTypeDef HAL_DMA_CleanCallbacks(DMA_HandleTypeDef *hdma);
      | ^~~~~~~~~~~~~~~~~
      | HAL_DMA_StateTypeDef
../Drivers/STM32F4xx_HAL_Driver/Inc/stm32f4xx_hal_dma.h:669:1: error: unknown type name 'HAL_StatusTypeDef'; did you mean 'HAL_DMA_StateTypeDef'?
  669 | HAL_StatusTypeDef HAL_DMA_RegisterCallback(DMA_HandleTypeDef *hdma, HAL_DMA_CallbackIDTypeDef CallbackID, void (* pCallback)(DMA_HandleTypeDef *_hdma));
      | ^~~~~~~~~~~~~~~~~
      | HAL_DMA_StateTypeDef
../Drivers/STM32F4xx_HAL_Driver/Inc/stm32f4xx_hal_dma.h:670:1: error: unknown type name 'HAL_StatusTypeDef'; did you mean 'HAL_DMA_StateTypeDef'?
  670 | HAL_StatusTypeDef HAL_DMA_UnRegisterCallback(DMA_HandleTypeDef *hdma, HAL_DMA_CallbackIDTypeDef CallbackID);
      | ^~~~~~~~~~~~~~~~~
      | HAL_DMA_StateTypeDef
In file included from ../Core/Inc/stm32f4xx_hal_conf.h:335:
../Drivers/STM32F4xx_HAL_Driver/Inc/stm32f4xx_hal_flash.h:70:3: error: unknown type name 'HAL_LockTypeDef'
   70 |   HAL_LockTypeDef             Lock;               /* FLASH locking object                */
      |   ^~~~~~~~~~~~~~~
In file included from ../Drivers/STM32F4xx_HAL_Driver/Inc/stm32f4xx_hal_flash.h:295:
../Drivers/STM32F4xx_HAL_Driver/Inc/stm32f4xx_hal_flash_ex.h:725:1: error: unknown type name 'HAL_StatusTypeDef'; did you mean 'HAL_DMA_StateTypeDef'?
  725 | HAL_StatusTypeDef HAL_FLASHEx_Erase(FLASH_EraseInitTypeDef *pEraseInit, uint32_t *SectorError);
      | ^~~~~~~~~~~~~~~~~
      | HAL_DMA_StateTypeDef
../Drivers/STM32F4xx_HAL_Driver/Inc/stm32f4xx_hal_flash_ex.h:726:1: error: unknown type name 'HAL_StatusTypeDef'; did you mean 'HAL_DMA_StateTypeDef'?
  726 | HAL_StatusTypeDef HAL_FLASHEx_Erase_IT(FLASH_EraseInitTypeDef *pEraseInit);
      | ^~~~~~~~~~~~~~~~~
      | HAL_DMA_StateTypeDef
../Drivers/STM32F4xx_HAL_Driver/Inc/stm32f4xx_hal_flash_ex.h:727:1: error: unknown type name 'HAL_StatusTypeDef'; did you mean 'HAL_DMA_StateTypeDef'?
  727 | HAL_StatusTypeDef HAL_FLASHEx_OBProgram(FLASH_OBProgramInitTypeDef *pOBInit);
      | ^~~~~~~~~~~~~~~~~
      | HAL_DMA_StateTypeDef
../Drivers/STM32F4xx_HAL_Driver/Inc/stm32f4xx_hal_flash_ex.h:735:1: error: unknown type name 'HAL_StatusTypeDef'; did you mean 'HAL_DMA_StateTypeDef'?
  735 | HAL_StatusTypeDef HAL_FLASHEx_AdvOBProgram(FLASH_AdvOBProgramInitTypeDef *pAdvOBInit);
      | ^~~~~~~~~~~~~~~~~
      | HAL_DMA_StateTypeDef
../Drivers/STM32F4xx_HAL_Driver/Inc/stm32f4xx_hal_flash_ex.h:737:1: error: unknown type name 'HAL_StatusTypeDef'; did you mean 'HAL_DMA_StateTypeDef'?
  737 | HAL_StatusTypeDef HAL_FLASHEx_OB_SelectPCROP(void);
      | ^~~~~~~~~~~~~~~~~
      | HAL_DMA_StateTypeDef
../Drivers/STM32F4xx_HAL_Driver/Inc/stm32f4xx_hal_flash_ex.h:738:1: error: unknown type name 'HAL_StatusTypeDef'; did you mean 'HAL_DMA_StateTypeDef'?
  738 | HAL_StatusTypeDef HAL_FLASHEx_OB_DeSelectPCROP(void);
      | ^~~~~~~~~~~~~~~~~
      | HAL_DMA_StateTypeDef
../Drivers/STM32F4xx_HAL_Driver/Inc/stm32f4xx_hal_flash.h:306:1: error: unknown type name 'HAL_StatusTypeDef'; did you mean 'HAL_DMA_StateTypeDef'?
  306 | HAL_StatusTypeDef HAL_FLASH_Program(uint32_t TypeProgram, uint32_t Address, uint64_t Data);
      | ^~~~~~~~~~~~~~~~~
      | HAL_DMA_StateTypeDef
../Drivers/STM32F4xx_HAL_Driver/Inc/stm32f4xx_hal_flash.h:307:1: error: unknown type name 'HAL_StatusTypeDef'; did you mean 'HAL_DMA_StateTypeDef'?
  307 | HAL_StatusTypeDef HAL_FLASH_Program_IT(uint32_t TypeProgram, uint32_t Address, uint64_t Data);
      | ^~~~~~~~~~~~~~~~~
      | HAL_DMA_StateTypeDef
../Drivers/STM32F4xx_HAL_Driver/Inc/stm32f4xx_hal_flash.h:321:1: error: unknown type name 'HAL_StatusTypeDef'; did you mean 'HAL_DMA_StateTypeDef'?
  321 | HAL_StatusTypeDef HAL_FLASH_Unlock(void);
      | ^~~~~~~~~~~~~~~~~
      | HAL_DMA_StateTypeDef
../Drivers/STM32F4xx_HAL_Driver/Inc/stm32f4xx_hal_flash.h:322:1: error: unknown type name 'HAL_StatusTypeDef'; did you mean 'HAL_DMA_StateTypeDef'?
  322 | HAL_StatusTypeDef HAL_FLASH_Lock(void);
      | ^~~~~~~~~~~~~~~~~
      | HAL_DMA_StateTypeDef
../Drivers/STM32F4xx_HAL_Driver/Inc/stm32f4xx_hal_flash.h:323:1: error: unknown type name 'HAL_StatusTypeDef'; did you mean 'HAL_DMA_StateTypeDef'?
  323 | HAL_StatusTypeDef HAL_FLASH_OB_Unlock(void);
      | ^~~~~~~~~~~~~~~~~
      | HAL_DMA_StateTypeDef
../Drivers/STM32F4xx_HAL_Driver/Inc/stm32f4xx_hal_flash.h:324:1: error: unknown type name 'HAL_StatusTypeDef'; did you mean 'HAL_DMA_StateTypeDef'?
  324 | HAL_StatusTypeDef HAL_FLASH_OB_Lock(void);
      | ^~~~~~~~~~~~~~~~~
      | HAL_DMA_StateTypeDef
../Drivers/STM32F4xx_HAL_Driver/Inc/stm32f4xx_hal_flash.h:326:1: error: unknown type name 'HAL_StatusTypeDef'; did you mean 'HAL_DMA_StateTypeDef'?
  326 | HAL_StatusTypeDef HAL_FLASH_OB_Launch(void);
      | ^~~~~~~~~~~~~~~~~
      | HAL_DMA_StateTypeDef
../Drivers/STM32F4xx_HAL_Driver/Inc/stm32f4xx_hal_flash.h:336:1: error: unknown type name 'HAL_StatusTypeDef'; did you mean 'HAL_DMA_StateTypeDef'?
  336 | HAL_StatusTypeDef FLASH_WaitForLastOperation(uint32_t Timeout);
      | ^~~~~~~~~~~~~~~~~
      | HAL_DMA_StateTypeDef
In file included from ../Drivers/STM32F4xx_HAL_Driver/Inc/stm32f4xx_hal_pwr.h:275,
                 from ../Core/Inc/stm32f4xx_hal_conf.h:383:
../Drivers/STM32F4xx_HAL_Driver/Inc/stm32f4xx_hal_pwr_ex.h:205:1: error: unknown type name 'HAL_StatusTypeDef'; did you mean 'HAL_DMA_StateTypeDef'?
  205 | HAL_StatusTypeDef HAL_PWREx_EnableBkUpReg(void);
      | ^~~~~~~~~~~~~~~~~
      | HAL_DMA_StateTypeDef
../Drivers/STM32F4xx_HAL_Driver/Inc/stm32f4xx_hal_pwr_ex.h:206:1: error: unknown type name 'HAL_StatusTypeDef'; did you mean 'HAL_DMA_StateTypeDef'?
  206 | HAL_StatusTypeDef HAL_PWREx_DisableBkUpReg(void);
      | ^~~~~~~~~~~~~~~~~
      | HAL_DMA_StateTypeDef
../Drivers/STM32F4xx_HAL_Driver/Inc/stm32f4xx_hal_pwr_ex.h:208:1: error: unknown type name 'HAL_StatusTypeDef'; did you mean 'HAL_DMA_StateTypeDef'?
  208 | HAL_StatusTypeDef HAL_PWREx_ControlVoltageScaling(uint32_t VoltageScaling);
      | ^~~~~~~~~~~~~~~~~
      | HAL_DMA_StateTypeDef
../Drivers/STM32F4xx_HAL_Driver/Inc/stm32f4xx_hal_pwr_ex.h:222:1: error: unknown type name 'HAL_StatusTypeDef'; did you mean 'HAL_DMA_StateTypeDef'?
  222 | HAL_StatusTypeDef HAL_PWREx_EnableOverDrive(void);
      | ^~~~~~~~~~~~~~~~~
      | HAL_DMA_StateTypeDef
../Drivers/STM32F4xx_HAL_Driver/Inc/stm32f4xx_hal_pwr_ex.h:223:1: error: unknown type name 'HAL_StatusTypeDef'; did you mean 'HAL_DMA_StateTypeDef'?
  223 | HAL_StatusTypeDef HAL_PWREx_DisableOverDrive(void);
      | ^~~~~~~~~~~~~~~~~
      | HAL_DMA_StateTypeDef
../Drivers/STM32F4xx_HAL_Driver/Inc/stm32f4xx_hal_pwr_ex.h:224:1: error: unknown type name 'HAL_StatusTypeDef'; did you mean 'HAL_DMA_StateTypeDef'?
  224 | HAL_StatusTypeDef HAL_PWREx_EnterUnderDriveSTOPMode(uint32_t Regulator, uint8_t STOPEntry);
      | ^~~~~~~~~~~~~~~~~
      | HAL_DMA_StateTypeDef
../Drivers/STM32F4xx_HAL_Driver/Inc/stm32f4xx_hal.h:219:1: error: unknown type name 'HAL_StatusTypeDef'; did you mean 'HAL_DMA_StateTypeDef'?
  219 | HAL_StatusTypeDef HAL_Init(void);
      | ^~~~~~~~~~~~~~~~~
      | HAL_DMA_StateTypeDef
../Drivers/STM32F4xx_HAL_Driver/Inc/stm32f4xx_hal.h:220:1: error: unknown type name 'HAL_StatusTypeDef'; did you mean 'HAL_DMA_StateTypeDef'?
  220 | HAL_StatusTypeDef HAL_DeInit(void);
      | ^~~~~~~~~~~~~~~~~
      | HAL_DMA_StateTypeDef
../Drivers/STM32F4xx_HAL_Driver/Inc/stm32f4xx_hal.h:223:1: error: unknown type name 'HAL_StatusTypeDef'; did you mean 'HAL_DMA_StateTypeDef'?
  223 | HAL_StatusTypeDef HAL_InitTick (uint32_t TickPriority);
      | ^~~~~~~~~~~~~~~~~
      | HAL_DMA_StateTypeDef
../Drivers/STM32F4xx_HAL_Driver/Inc/stm32f4xx_hal.h:236:1: error: unknown type name 'HAL_StatusTypeDef'; did you mean 'HAL_DMA_StateTypeDef'?
  236 | HAL_StatusTypeDef HAL_SetTickFreq(HAL_TickFreqTypeDef Freq);
      | ^~~~~~~~~~~~~~~~~
      | HAL_DMA_StateTypeDef
make: *** [App/Src/subdir.mk:19: App/Src/openmv_h7_diag.o] Error 1
"make -j12 all" terminated with exit code 2. Build might be incomplete.
20:58:17 **** Incremental Build of configuration Debug for project Dev ****
make -j12 all 
arm-none-eabi-gcc "../App/Src/openmv_h7_diag.c" -mcpu=cortex-m4 -std=gnu11 -g3 -DDEBUG -DUSE_HAL_DRIVER -DSTM32F439xx -c -I../Core/Inc -I../Drivers/STM32F4xx_HAL_Driver/Inc -I../Drivers/STM32F4xx_HAL_Driver/Inc/Legacy -I../Drivers/CMSIS/Device/ST/STM32F4xx/Include -I../Drivers/CMSIS/Include -I"F:/Workspace/Licenta/Dev/App/Lib" -O0 -ffunction-sections -fdata-sections -Wall -fstack-usage -fcyclomatic-complexity -MMD -MP -MF"App/Src/openmv_h7_diag.d" -MT"App/Src/openmv_h7_diag.o" --specs=nano.specs -mfpu=fpv4-sp-d16 -mfloat-abi=hard -mthumb -o "App/Src/openmv_h7_diag.o"
arm-none-eabi-gcc -o "Dev.elf" @"objects.list"   -mcpu=cortex-m4 -T"F:\Workspace\Licenta\Dev\STM32F439ZITX_FLASH.ld" --specs=nosys.specs -Wl,-Map="Dev.map" -Wl,--gc-sections -static --specs=nano.specs -mfpu=fpv4-sp-d16 -mfloat-abi=hard -mthumb -Wl,--start-group -lc -lm -Wl,--end-group
Finished building target: Dev.elf
 
arm-none-eabi-size  Dev.elf 
arm-none-eabi-objdump -h -S Dev.elf  > "Dev.list"
   text	   data	    bss	    dec	    hex	filename
   8624	     16	   1664	  10304	   2840	Dev.elf
Finished building: default.size.stdout
 
Finished building: Dev.list
 
21:03:36 **** Incremental Build of configuration Debug for project Dev ****
make -j12 all 
arm-none-eabi-gcc "../App/Src/openmv_h7_diag.c" -mcpu=cortex-m4 -std=gnu11 -g3 -DDEBUG -DUSE_HAL_DRIVER -DSTM32F439xx -c -I../Core/Inc -I../Drivers/STM32F4xx_HAL_Driver/Inc -I../Drivers/STM32F4xx_HAL_Driver/Inc/Legacy -I../Drivers/CMSIS/Device/ST/STM32F4xx/Include -I../Drivers/CMSIS/Include -I"F:/Workspace/Licenta/Dev/App/Lib" -O0 -ffunction-sections -fdata-sections -Wall -fstack-usage -fcyclomatic-complexity -MMD -MP -MF"App/Src/openmv_h7_diag.d" -MT"App/Src/openmv_h7_diag.o" --specs=nano.specs -mfpu=fpv4-sp-d16 -mfloat-abi=hard -mthumb -o "App/Src/openmv_h7_diag.o"
In file included from ../App/Src/openmv_h7_diag.c:7:
../App/Src/openmv_h7_diag.c: In function 'OpenMV_Read':
F:/Workspace/Licenta/Dev/App/Lib/openmv_h7_diag.h:17:23: warning: passing argument 2 of 'HAL_SPI_TransmitReceive_IT' makes pointer from integer without a cast [-Wint-conversion]
   17 | #define CAMERA_READ_X 1u
      |                       ^~
      |                       |
      |                       unsigned int
../App/Src/openmv_h7_diag.c:25:45: note: in expansion of macro 'CAMERA_READ_X'
   25 |         if(HAL_SPI_TransmitReceive_IT(hspi, CAMERA_READ_X, &spi_data, 8) == HAL_OK)
      |                                             ^~~~~~~~~~~~~
In file included from ../Core/Inc/stm32f4xx_hal_conf.h:403,
                 from ../Drivers/STM32F4xx_HAL_Driver/Inc/stm32f4xx_hal.h:29,
                 from F:/Workspace/Licenta/Dev/App/Lib/openmv_h7_diag.h:8:
../Drivers/STM32F4xx_HAL_Driver/Inc/stm32f4xx_hal_spi.h:676:86: note: expected 'const uint8_t *' {aka 'const unsigned char *'} but argument is of type 'unsigned int'
  676 | HAL_StatusTypeDef HAL_SPI_TransmitReceive_IT(SPI_HandleTypeDef *hspi, const uint8_t *pTxData, uint8_t *pRxData,
      |                                                                       ~~~~~~~~~~~~~~~^~~~~~~
F:/Workspace/Licenta/Dev/App/Lib/openmv_h7_diag.h:17:23: warning: passing argument 2 of 'HAL_SPI_TransmitReceive_IT' makes pointer from integer without a cast [-Wint-conversion]
   17 | #define CAMERA_READ_X 1u
      |                       ^~
      |                       |
      |                       unsigned int
../App/Src/openmv_h7_diag.c:28:53: note: in expansion of macro 'CAMERA_READ_X'
   28 |                 if(HAL_SPI_TransmitReceive_IT(hspi, CAMERA_READ_X, &spi_data, 8) == HAL_OK)
      |                                                     ^~~~~~~~~~~~~
../Drivers/STM32F4xx_HAL_Driver/Inc/stm32f4xx_hal_spi.h:676:86: note: expected 'const uint8_t *' {aka 'const unsigned char *'} but argument is of type 'unsigned int'
  676 | HAL_StatusTypeDef HAL_SPI_TransmitReceive_IT(SPI_HandleTypeDef *hspi, const uint8_t *pTxData, uint8_t *pRxData,
      |                                                                       ~~~~~~~~~~~~~~~^~~~~~~
F:/Workspace/Licenta/Dev/App/Lib/openmv_h7_diag.h:18:23: warning: passing argument 2 of 'HAL_SPI_TransmitReceive_IT' makes pointer from integer without a cast [-Wint-conversion]
   18 | #define CAMERA_READ_Y 2u
      |                       ^~
      |                       |
      |                       unsigned int
../App/Src/openmv_h7_diag.c:42:45: note: in expansion of macro 'CAMERA_READ_Y'
   42 |         if(HAL_SPI_TransmitReceive_IT(hspi, CAMERA_READ_Y, &spi_data, 8) == HAL_OK)
      |                                             ^~~~~~~~~~~~~
../Drivers/STM32F4xx_HAL_Driver/Inc/stm32f4xx_hal_spi.h:676:86: note: expected 'const uint8_t *' {aka 'const unsigned char *'} but argument is of type 'unsigned int'
  676 | HAL_StatusTypeDef HAL_SPI_TransmitReceive_IT(SPI_HandleTypeDef *hspi, const uint8_t *pTxData, uint8_t *pRxData,
      |                                                                       ~~~~~~~~~~~~~~~^~~~~~~
F:/Workspace/Licenta/Dev/App/Lib/openmv_h7_diag.h:18:23: warning: passing argument 2 of 'HAL_SPI_TransmitReceive_IT' makes pointer from integer without a cast [-Wint-conversion]
   18 | #define CAMERA_READ_Y 2u
      |                       ^~
      |                       |
      |                       unsigned int
../App/Src/openmv_h7_diag.c:45:53: note: in expansion of macro 'CAMERA_READ_Y'
   45 |                 if(HAL_SPI_TransmitReceive_IT(hspi, CAMERA_READ_Y, &spi_data, 8) == HAL_OK)
      |                                                     ^~~~~~~~~~~~~
../Drivers/STM32F4xx_HAL_Driver/Inc/stm32f4xx_hal_spi.h:676:86: note: expected 'const uint8_t *' {aka 'const unsigned char *'} but argument is of type 'unsigned int'
  676 | HAL_StatusTypeDef HAL_SPI_TransmitReceive_IT(SPI_HandleTypeDef *hspi, const uint8_t *pTxData, uint8_t *pRxData,
      |                                                                       ~~~~~~~~~~~~~~~^~~~~~~
F:/Workspace/Licenta/Dev/App/Lib/openmv_h7_diag.h:19:23: warning: passing argument 2 of 'HAL_SPI_TransmitReceive_IT' makes pointer from integer without a cast [-Wint-conversion]
   19 | #define CAMERA_READ_H 3u
      |                       ^~
      |                       |
      |                       unsigned int
../App/Src/openmv_h7_diag.c:59:45: note: in expansion of macro 'CAMERA_READ_H'
   59 |         if(HAL_SPI_TransmitReceive_IT(hspi, CAMERA_READ_H, &spi_data, 8) == HAL_OK)
      |                                             ^~~~~~~~~~~~~
../Drivers/STM32F4xx_HAL_Driver/Inc/stm32f4xx_hal_spi.h:676:86: note: expected 'const uint8_t *' {aka 'const unsigned char *'} but argument is of type 'unsigned int'
  676 | HAL_StatusTypeDef HAL_SPI_TransmitReceive_IT(SPI_HandleTypeDef *hspi, const uint8_t *pTxData, uint8_t *pRxData,
      |                                                                       ~~~~~~~~~~~~~~~^~~~~~~
F:/Workspace/Licenta/Dev/App/Lib/openmv_h7_diag.h:19:23: warning: passing argument 2 of 'HAL_SPI_TransmitReceive_IT' makes pointer from integer without a cast [-Wint-conversion]
   19 | #define CAMERA_READ_H 3u
      |                       ^~
      |                       |
      |                       unsigned int
../App/Src/openmv_h7_diag.c:62:53: note: in expansion of macro 'CAMERA_READ_H'
   62 |                 if(HAL_SPI_TransmitReceive_IT(hspi, CAMERA_READ_H, &spi_data, 8) == HAL_OK)
      |                                                     ^~~~~~~~~~~~~
../Drivers/STM32F4xx_HAL_Driver/Inc/stm32f4xx_hal_spi.h:676:86: note: expected 'const uint8_t *' {aka 'const unsigned char *'} but argument is of type 'unsigned int'
  676 | HAL_StatusTypeDef HAL_SPI_TransmitReceive_IT(SPI_HandleTypeDef *hspi, const uint8_t *pTxData, uint8_t *pRxData,
      |                                                                       ~~~~~~~~~~~~~~~^~~~~~~
F:/Workspace/Licenta/Dev/App/Lib/openmv_h7_diag.h:20:23: warning: passing argument 2 of 'HAL_SPI_TransmitReceive_IT' makes pointer from integer without a cast [-Wint-conversion]
   20 | #define CAMERA_READ_W 4u
      |                       ^~
      |                       |
      |                       unsigned int
../App/Src/openmv_h7_diag.c:76:45: note: in expansion of macro 'CAMERA_READ_W'
   76 |         if(HAL_SPI_TransmitReceive_IT(hspi, CAMERA_READ_W, &spi_data, 8) == HAL_OK)
      |                                             ^~~~~~~~~~~~~
../Drivers/STM32F4xx_HAL_Driver/Inc/stm32f4xx_hal_spi.h:676:86: note: expected 'const uint8_t *' {aka 'const unsigned char *'} but argument is of type 'unsigned int'
  676 | HAL_StatusTypeDef HAL_SPI_TransmitReceive_IT(SPI_HandleTypeDef *hspi, const uint8_t *pTxData, uint8_t *pRxData,
      |                                                                       ~~~~~~~~~~~~~~~^~~~~~~
F:/Workspace/Licenta/Dev/App/Lib/openmv_h7_diag.h:20:23: warning: passing argument 2 of 'HAL_SPI_TransmitReceive_IT' makes pointer from integer without a cast [-Wint-conversion]
   20 | #define CAMERA_READ_W 4u
      |                       ^~
      |                       |
      |                       unsigned int
../App/Src/openmv_h7_diag.c:79:53: note: in expansion of macro 'CAMERA_READ_W'
   79 |                 if(HAL_SPI_TransmitReceive_IT(hspi, CAMERA_READ_W, &spi_data, 8) == HAL_OK)
      |                                                     ^~~~~~~~~~~~~
../Drivers/STM32F4xx_HAL_Driver/Inc/stm32f4xx_hal_spi.h:676:86: note: expected 'const uint8_t *' {aka 'const unsigned char *'} but argument is of type 'unsigned int'
  676 | HAL_StatusTypeDef HAL_SPI_TransmitReceive_IT(SPI_HandleTypeDef *hspi, const uint8_t *pTxData, uint8_t *pRxData,
      |                                                                       ~~~~~~~~~~~~~~~^~~~~~~
arm-none-eabi-gcc -o "Dev.elf" @"objects.list"   -mcpu=cortex-m4 -T"F:\Workspace\Licenta\Dev\STM32F439ZITX_FLASH.ld" --specs=nosys.specs -Wl,-Map="Dev.map" -Wl,--gc-sections -static --specs=nano.specs -mfpu=fpv4-sp-d16 -mfloat-abi=hard -mthumb -Wl,--start-group -lc -lm -Wl,--end-group
Finished building target: Dev.elf
 
arm-none-eabi-size  Dev.elf 
arm-none-eabi-objdump -h -S Dev.elf  > "Dev.list"
   text	   data	    bss	    dec	    hex	filename
   8624	     16	   1664	  10304	   2840	Dev.elf
Finished building: default.size.stdout
 
Finished building: Dev.list
 
21:06:17 **** Incremental Build of configuration Debug for project Dev ****
make -j12 all 
arm-none-eabi-gcc "../App/Src/openmv_h7_diag.c" -mcpu=cortex-m4 -std=gnu11 -g3 -DDEBUG -DUSE_HAL_DRIVER -DSTM32F439xx -c -I../Core/Inc -I../Drivers/STM32F4xx_HAL_Driver/Inc -I../Drivers/STM32F4xx_HAL_Driver/Inc/Legacy -I../Drivers/CMSIS/Device/ST/STM32F4xx/Include -I../Drivers/CMSIS/Include -I"F:/Workspace/Licenta/Dev/App/Lib" -O0 -ffunction-sections -fdata-sections -Wall -fstack-usage -fcyclomatic-complexity -MMD -MP -MF"App/Src/openmv_h7_diag.d" -MT"App/Src/openmv_h7_diag.o" --specs=nano.specs -mfpu=fpv4-sp-d16 -mfloat-abi=hard -mthumb -o "App/Src/openmv_h7_diag.o"
arm-none-eabi-gcc -o "Dev.elf" @"objects.list"   -mcpu=cortex-m4 -T"F:\Workspace\Licenta\Dev\STM32F439ZITX_FLASH.ld" --specs=nosys.specs -Wl,-Map="Dev.map" -Wl,--gc-sections -static --specs=nano.specs -mfpu=fpv4-sp-d16 -mfloat-abi=hard -mthumb -Wl,--start-group -lc -lm -Wl,--end-group
Finished building target: Dev.elf
 
arm-none-eabi-size  Dev.elf 
arm-none-eabi-objdump -h -S Dev.elf  > "Dev.list"
   text	   data	    bss	    dec	    hex	filename
   8624	     16	   1664	  10304	   2840	Dev.elf
Finished building: default.size.stdout
 
Finished building: Dev.list
 
21:06:32 **** Incremental Build of configuration Debug for project Dev ****
make -j12 all 
arm-none-eabi-gcc "../App/Src/openmv_h7_diag.c" -mcpu=cortex-m4 -std=gnu11 -g3 -DDEBUG -DUSE_HAL_DRIVER -DSTM32F439xx -c -I../Core/Inc -I../Drivers/STM32F4xx_HAL_Driver/Inc -I../Drivers/STM32F4xx_HAL_Driver/Inc/Legacy -I../Drivers/CMSIS/Device/ST/STM32F4xx/Include -I../Drivers/CMSIS/Include -I"F:/Workspace/Licenta/Dev/App/Lib" -O0 -ffunction-sections -fdata-sections -Wall -fstack-usage -fcyclomatic-complexity -MMD -MP -MF"App/Src/openmv_h7_diag.d" -MT"App/Src/openmv_h7_diag.o" --specs=nano.specs -mfpu=fpv4-sp-d16 -mfloat-abi=hard -mthumb -o "App/Src/openmv_h7_diag.o"
arm-none-eabi-gcc -o "Dev.elf" @"objects.list"   -mcpu=cortex-m4 -T"F:\Workspace\Licenta\Dev\STM32F439ZITX_FLASH.ld" --specs=nosys.specs -Wl,-Map="Dev.map" -Wl,--gc-sections -static --specs=nano.specs -mfpu=fpv4-sp-d16 -mfloat-abi=hard -mthumb -Wl,--start-group -lc -lm -Wl,--end-group
Finished building target: Dev.elf
 
arm-none-eabi-size  Dev.elf 
arm-none-eabi-objdump -h -S Dev.elf  > "Dev.list"
   text	   data	    bss	    dec	    hex	filename
   8624	     16	   1664	  10304	   2840	Dev.elf
Finished building: default.size.stdout
 
Finished building: Dev.list
 
21:24:40 **** Incremental Build of configuration Debug for project Dev ****
make -j12 all 
arm-none-eabi-size  Dev.elf 
   text	   data	    bss	    dec	    hex	filename
   8624	     16	   1664	  10304	   2840	Dev.elf
Finished building: default.size.stdout
 
